<?xml version="1.0" encoding="UTF-8"?>
<robot generator="Robot 7.0 (Python 3.10.11 on win32)" generated="2025-04-11T17:48:38.842740" rpa="false" schemaversion="5">
<suite id="s1" name="Test-Automation" source="c:\Successware-RF\Test-Automation\test-automation">
<suite id="s1-s1" name="Tests" source="c:\Successware-RF\Test-Automation\test-automation\tests">
<suite id="s1-s1-s1" name="Platform Web" source="c:\Successware-RF\Test-Automation\test-automation\tests\platform_web">
<suite id="s1-s1-s1-s1" name="Ar Manager" source="c:\Successware-RF\Test-Automation\test-automation\tests\platform_web\ar_manager">
<suite id="s1-s1-s1-s1-s1" name="Ar Manager 2 Tests" source="c:\Successware-RF\Test-Automation\test-automation\tests\platform_web\ar_manager\ar_manager_2_tests.robot">
<kw name="Get Data from CSV" owner="csv_utils" type="SETUP">
<kw name="Get Env" owner="yaml_utils">
<kw name="Get YAML Configuration" owner="yaml_utils">
<kw name="Get File" owner="OperatingSystem">
<msg time="2025-04-11T17:48:41.699390" level="INFO" html="true">Getting file '&lt;a href="file://C:\Successware-RF\Test-Automation\test-automation\app-config.yaml"&gt;C:\Successware-RF\Test-Automation\test-automation\app-config.yaml&lt;/a&gt;'.</msg>
<msg time="2025-04-11T17:48:41.700615" level="INFO">${result} = env: uat
browser:  chromium
headless:   False
dev:
  url: "https://swbedrock-dev.successwareg2.com/"
  credentials:
    username: "admin@automation.com"
    password: "P@ssw0rd!"
    approval_user_use...</msg>
<var>${result}</var>
<arg>${file_path}</arg>
<doc>Returns the contents of a specified file.</doc>
<status status="PASS" start="2025-04-11T17:48:41.698391" elapsed="0.002224"/>
</kw>
<kw name="Set Variable" owner="BuiltIn">
<msg time="2025-04-11T17:48:41.701748" level="INFO">${yaml_content} = env: uat
browser:  chromium
headless:   False
dev:
  url: "https://swbedrock-dev.successwareg2.com/"
  credentials:
    username: "admin@automation.com"
    password: "P@ssw0rd!"
    approval_user_use...</msg>
<var>${yaml_content}</var>
<arg>${result}</arg>
<doc>Returns the given values which can then be assigned to a variables.</doc>
<status status="PASS" start="2025-04-11T17:48:41.700615" elapsed="0.001133"/>
</kw>
<kw name="Evaluate" owner="BuiltIn">
<msg time="2025-04-11T17:48:41.713055" level="INFO">${config} = {'env': 'uat', 'browser': 'chromium', 'headless': False, 'dev': {'url': 'https://swbedrock-dev.successwareg2.com/', 'credentials': {'username': 'admin@automation.com', 'password': 'P@ssw0rd!', 'approv...</msg>
<var>${config}</var>
<arg>yaml.safe_load('''${yaml_content}''')</arg>
<doc>Evaluates the given expression in Python and returns the result.</doc>
<status status="PASS" start="2025-04-11T17:48:41.701748" elapsed="0.012307"/>
</kw>
<return>
<value>${config}</value>
<status status="PASS" start="2025-04-11T17:48:41.714055" elapsed="0.000000"/>
</return>
<msg time="2025-04-11T17:48:41.714055" level="INFO">${config} = {'env': 'uat', 'browser': 'chromium', 'headless': False, 'dev': {'url': 'https://swbedrock-dev.successwareg2.com/', 'credentials': {'username': 'admin@automation.com', 'password': 'P@ssw0rd!', 'approv...</msg>
<var>${config}</var>
<arg>${CONFIG_FILE}</arg>
<status status="PASS" start="2025-04-11T17:48:41.698391" elapsed="0.015664"/>
</kw>
<if>
<branch type="IF" condition="'${ENV}' != ''">
<kw name="Set Variable" owner="BuiltIn">
<msg time="2025-04-11T17:48:41.715060" level="INFO">${env} = uat</msg>
<var>${env}</var>
<arg>${ENV}</arg>
<doc>Returns the given values which can then be assigned to a variables.</doc>
<status status="PASS" start="2025-04-11T17:48:41.715060" elapsed="0.000000"/>
</kw>
<status status="PASS" start="2025-04-11T17:48:41.715060" elapsed="0.000000"/>
</branch>
<branch type="ELSE">
<if>
<branch type="IF" condition="'${useLog}' == '${True}'">
<kw name="Log To Console" owner="BuiltIn">
<arg>${config['env']}</arg>
<doc>Logs the given message to the console.</doc>
<status status="NOT RUN" start="2025-04-11T17:48:41.716055" elapsed="0.000000"/>
</kw>
<status status="NOT RUN" start="2025-04-11T17:48:41.716055" elapsed="0.000000"/>
</branch>
<status status="NOT RUN" start="2025-04-11T17:48:41.716055" elapsed="0.000000"/>
</if>
<kw name="Set Variable" owner="BuiltIn">
<var>${env}</var>
<arg>${config['env']}</arg>
<doc>Returns the given values which can then be assigned to a variables.</doc>
<status status="NOT RUN" start="2025-04-11T17:48:41.716055" elapsed="0.000000"/>
</kw>
<status status="NOT RUN" start="2025-04-11T17:48:41.715060" elapsed="0.000995"/>
</branch>
<status status="PASS" start="2025-04-11T17:48:41.714055" elapsed="0.002000"/>
</if>
<return>
<value>${env}</value>
<status status="PASS" start="2025-04-11T17:48:41.716055" elapsed="0.000000"/>
</return>
<msg time="2025-04-11T17:48:41.717094" level="INFO">${env} = uat</msg>
<var>${env}</var>
<arg>${useLog}</arg>
<status status="PASS" start="2025-04-11T17:48:41.697391" elapsed="0.019703"/>
</kw>
<kw name="Get Username" owner="yaml_utils">
<kw name="Get Variables" owner="BuiltIn">
<msg time="2025-04-11T17:48:41.727655" level="INFO">&amp;{env_variables} = { ${/}=\ | ${:}=; | ${\n}=
 | ${abort_batch_processing}=Batch Processing Aborted successfully. Remaining items will not be processed. | ${abort_btn}=//iframe[@id='Left-frame'] &gt;&gt;&gt; //div[contains(@cla...</msg>
<var>&amp;{env_variables}</var>
<doc>Returns a dictionary containing all variables in the current scope.</doc>
<status status="PASS" start="2025-04-11T17:48:41.718055" elapsed="0.010101"/>
</kw>
<if>
<branch type="IF" condition="'\$\{sw_username\}' in @{env_variables.keys()}">
<return>
<value>${sw_username}</value>
<status status="NOT RUN" start="2025-04-11T17:48:41.745576" elapsed="0.001000"/>
</return>
<status status="NOT RUN" start="2025-04-11T17:48:41.728156" elapsed="0.018420"/>
</branch>
<branch type="ELSE">
<kw name="Get Environment Values" owner="yaml_utils">
<kw name="Get YAML Configuration" owner="yaml_utils">
<kw name="Get File" owner="OperatingSystem">
<msg time="2025-04-11T17:48:41.747575" level="INFO" html="true">Getting file '&lt;a href="file://C:\Successware-RF\Test-Automation\test-automation\app-config.yaml"&gt;C:\Successware-RF\Test-Automation\test-automation\app-config.yaml&lt;/a&gt;'.</msg>
<msg time="2025-04-11T17:48:41.749959" level="INFO">${result} = env: uat
browser:  chromium
headless:   False
dev:
  url: "https://swbedrock-dev.successwareg2.com/"
  credentials:
    username: "admin@automation.com"
    password: "P@ssw0rd!"
    approval_user_use...</msg>
<var>${result}</var>
<arg>${file_path}</arg>
<doc>Returns the contents of a specified file.</doc>
<status status="PASS" start="2025-04-11T17:48:41.747575" elapsed="0.002384"/>
</kw>
<kw name="Set Variable" owner="BuiltIn">
<msg time="2025-04-11T17:48:41.750959" level="INFO">${yaml_content} = env: uat
browser:  chromium
headless:   False
dev:
  url: "https://swbedrock-dev.successwareg2.com/"
  credentials:
    username: "admin@automation.com"
    password: "P@ssw0rd!"
    approval_user_use...</msg>
<var>${yaml_content}</var>
<arg>${result}</arg>
<doc>Returns the given values which can then be assigned to a variables.</doc>
<status status="PASS" start="2025-04-11T17:48:41.750459" elapsed="0.000500"/>
</kw>
<kw name="Evaluate" owner="BuiltIn">
<msg time="2025-04-11T17:48:41.764754" level="INFO">${config} = {'env': 'uat', 'browser': 'chromium', 'headless': False, 'dev': {'url': 'https://swbedrock-dev.successwareg2.com/', 'credentials': {'username': 'admin@automation.com', 'password': 'P@ssw0rd!', 'approv...</msg>
<var>${config}</var>
<arg>yaml.safe_load('''${yaml_content}''')</arg>
<doc>Evaluates the given expression in Python and returns the result.</doc>
<status status="PASS" start="2025-04-11T17:48:41.751627" elapsed="0.013626"/>
</kw>
<return>
<value>${config}</value>
<status status="PASS" start="2025-04-11T17:48:41.765253" elapsed="0.000499"/>
</return>
<msg time="2025-04-11T17:48:41.765752" level="INFO">${config} = {'env': 'uat', 'browser': 'chromium', 'headless': False, 'dev': {'url': 'https://swbedrock-dev.successwareg2.com/', 'credentials': {'username': 'admin@automation.com', 'password': 'P@ssw0rd!', 'approv...</msg>
<var>${config}</var>
<arg>${CONFIG_FILE}</arg>
<status status="PASS" start="2025-04-11T17:48:41.747575" elapsed="0.018677"/>
</kw>
<kw name="Get Env" owner="yaml_utils">
<kw name="Get YAML Configuration" owner="yaml_utils">
<kw name="Get File" owner="OperatingSystem">
<msg time="2025-04-11T17:48:41.768071" level="INFO" html="true">Getting file '&lt;a href="file://C:\Successware-RF\Test-Automation\test-automation\app-config.yaml"&gt;C:\Successware-RF\Test-Automation\test-automation\app-config.yaml&lt;/a&gt;'.</msg>
<msg time="2025-04-11T17:48:41.769509" level="INFO">${result} = env: uat
browser:  chromium
headless:   False
dev:
  url: "https://swbedrock-dev.successwareg2.com/"
  credentials:
    username: "admin@automation.com"
    password: "P@ssw0rd!"
    approval_user_use...</msg>
<var>${result}</var>
<arg>${file_path}</arg>
<doc>Returns the contents of a specified file.</doc>
<status status="PASS" start="2025-04-11T17:48:41.768071" elapsed="0.001937"/>
</kw>
<kw name="Set Variable" owner="BuiltIn">
<msg time="2025-04-11T17:48:41.770508" level="INFO">${yaml_content} = env: uat
browser:  chromium
headless:   False
dev:
  url: "https://swbedrock-dev.successwareg2.com/"
  credentials:
    username: "admin@automation.com"
    password: "P@ssw0rd!"
    approval_user_use...</msg>
<var>${yaml_content}</var>
<arg>${result}</arg>
<doc>Returns the given values which can then be assigned to a variables.</doc>
<status status="PASS" start="2025-04-11T17:48:41.770008" elapsed="0.001000"/>
</kw>
<kw name="Evaluate" owner="BuiltIn">
<msg time="2025-04-11T17:48:41.781395" level="INFO">${config} = {'env': 'uat', 'browser': 'chromium', 'headless': False, 'dev': {'url': 'https://swbedrock-dev.successwareg2.com/', 'credentials': {'username': 'admin@automation.com', 'password': 'P@ssw0rd!', 'approv...</msg>
<var>${config}</var>
<arg>yaml.safe_load('''${yaml_content}''')</arg>
<doc>Evaluates the given expression in Python and returns the result.</doc>
<status status="PASS" start="2025-04-11T17:48:41.771508" elapsed="0.010583"/>
</kw>
<return>
<value>${config}</value>
<status status="PASS" start="2025-04-11T17:48:41.782091" elapsed="0.000501"/>
</return>
<msg time="2025-04-11T17:48:41.782914" level="INFO">${config} = {'env': 'uat', 'browser': 'chromium', 'headless': False, 'dev': {'url': 'https://swbedrock-dev.successwareg2.com/', 'credentials': {'username': 'admin@automation.com', 'password': 'P@ssw0rd!', 'approv...</msg>
<var>${config}</var>
<arg>${CONFIG_FILE}</arg>
<status status="PASS" start="2025-04-11T17:48:41.767711" elapsed="0.015705"/>
</kw>
<if>
<branch type="IF" condition="'${ENV}' != ''">
<kw name="Set Variable" owner="BuiltIn">
<msg time="2025-04-11T17:48:41.784815" level="INFO">${env} = uat</msg>
<var>${env}</var>
<arg>${ENV}</arg>
<doc>Returns the given values which can then be assigned to a variables.</doc>
<status status="PASS" start="2025-04-11T17:48:41.784295" elapsed="0.000520"/>
</kw>
<status status="PASS" start="2025-04-11T17:48:41.783416" elapsed="0.001902"/>
</branch>
<branch type="ELSE">
<if>
<branch type="IF" condition="'${useLog}' == '${True}'">
<kw name="Log To Console" owner="BuiltIn">
<arg>${config['env']}</arg>
<doc>Logs the given message to the console.</doc>
<status status="NOT RUN" start="2025-04-11T17:48:41.785815" elapsed="0.000000"/>
</kw>
<status status="NOT RUN" start="2025-04-11T17:48:41.785318" elapsed="0.000497"/>
</branch>
<status status="NOT RUN" start="2025-04-11T17:48:41.785318" elapsed="0.000497"/>
</if>
<kw name="Set Variable" owner="BuiltIn">
<var>${env}</var>
<arg>${config['env']}</arg>
<doc>Returns the given values which can then be assigned to a variables.</doc>
<status status="NOT RUN" start="2025-04-11T17:48:41.785815" elapsed="0.001053"/>
</kw>
<status status="NOT RUN" start="2025-04-11T17:48:41.785318" elapsed="0.001550"/>
</branch>
<status status="PASS" start="2025-04-11T17:48:41.783416" elapsed="0.003452"/>
</if>
<return>
<value>${env}</value>
<status status="PASS" start="2025-04-11T17:48:41.786868" elapsed="0.000499"/>
</return>
<msg time="2025-04-11T17:48:41.787867" level="INFO">${env} = uat</msg>
<var>${env}</var>
<status status="PASS" start="2025-04-11T17:48:41.766955" elapsed="0.020912"/>
</kw>
<kw name="Get From Dictionary" owner="Collections">
<msg time="2025-04-11T17:48:41.788867" level="INFO">${environment} = {'url': 'https://swbedrock-uat.successwareg2.com/', 'credentials': {'username': 'admin@automation.com', 'password': 'Password@123', 'approval_user_username': 'admin@bedrock.com', 'approval_user_passwo...</msg>
<var>${environment}</var>
<arg>${config}</arg>
<arg>${env}</arg>
<doc>Returns a value from the given ``dictionary`` based on the given ``key``.</doc>
<status status="PASS" start="2025-04-11T17:48:41.788366" elapsed="0.000501"/>
</kw>
<if>
<branch type="IF" condition="'${useLog}' == '${True}'">
<kw name="Log To Console" owner="BuiltIn">
<arg>here ${env} is ${environment}</arg>
<doc>Logs the given message to the console.</doc>
<status status="PASS" start="2025-04-11T17:48:41.789596" elapsed="0.001019"/>
</kw>
<status status="PASS" start="2025-04-11T17:48:41.789382" elapsed="0.001233"/>
</branch>
<status status="PASS" start="2025-04-11T17:48:41.789382" elapsed="0.001760"/>
</if>
<return>
<value>${environment}</value>
<status status="PASS" start="2025-04-11T17:48:41.791158" elapsed="0.000000"/>
</return>
<msg time="2025-04-11T17:48:41.791658" level="INFO">${env_values} = {'url': 'https://swbedrock-uat.successwareg2.com/', 'credentials': {'username': 'admin@automation.com', 'password': 'Password@123', 'approval_user_username': 'admin@bedrock.com', 'approval_user_passwo...</msg>
<var>${env_values}</var>
<arg>${useLog}</arg>
<status status="PASS" start="2025-04-11T17:48:41.746576" elapsed="0.045082"/>
</kw>
<return>
<value>${env_values['credentials']['username']}</value>
<status status="PASS" start="2025-04-11T17:48:41.792159" elapsed="0.000000"/>
</return>
<status status="PASS" start="2025-04-11T17:48:41.746576" elapsed="0.045583"/>
</branch>
<status status="PASS" start="2025-04-11T17:48:41.728156" elapsed="0.064503"/>
</if>
<msg time="2025-04-11T17:48:41.801874" level="INFO">${username} = admin@automation.com</msg>
<var>${username}</var>
<arg>${useLog}</arg>
<status status="PASS" start="2025-04-11T17:48:41.718055" elapsed="0.083819"/>
</kw>
<kw name="Get Password" owner="yaml_utils">
<kw name="Get Variables" owner="BuiltIn">
<msg time="2025-04-11T17:48:41.819894" level="INFO">&amp;{env_variables} = { ${/}=\ | ${:}=; | ${\n}=
 | ${abort_batch_processing}=Batch Processing Aborted successfully. Remaining items will not be processed. | ${abort_btn}=//iframe[@id='Left-frame'] &gt;&gt;&gt; //div[contains(@cla...</msg>
<var>&amp;{env_variables}</var>
<doc>Returns a dictionary containing all variables in the current scope.</doc>
<status status="PASS" start="2025-04-11T17:48:41.804157" elapsed="0.016237"/>
</kw>
<if>
<branch type="IF" condition="'\$\{sw_password\}' in @{env_variables.keys()}">
<return>
<value>${sw_password}</value>
<status status="NOT RUN" start="2025-04-11T17:48:41.841416" elapsed="0.000000"/>
</return>
<status status="NOT RUN" start="2025-04-11T17:48:41.820993" elapsed="0.020423"/>
</branch>
<branch type="ELSE">
<kw name="Get Environment Values" owner="yaml_utils">
<kw name="Get YAML Configuration" owner="yaml_utils">
<kw name="Get File" owner="OperatingSystem">
<msg time="2025-04-11T17:48:41.845092" level="INFO" html="true">Getting file '&lt;a href="file://C:\Successware-RF\Test-Automation\test-automation\app-config.yaml"&gt;C:\Successware-RF\Test-Automation\test-automation\app-config.yaml&lt;/a&gt;'.</msg>
<msg time="2025-04-11T17:48:41.846341" level="INFO">${result} = env: uat
browser:  chromium
headless:   False
dev:
  url: "https://swbedrock-dev.successwareg2.com/"
  credentials:
    username: "admin@automation.com"
    password: "P@ssw0rd!"
    approval_user_use...</msg>
<var>${result}</var>
<arg>${file_path}</arg>
<doc>Returns the contents of a specified file.</doc>
<status status="PASS" start="2025-04-11T17:48:41.844592" elapsed="0.002340"/>
</kw>
<kw name="Set Variable" owner="BuiltIn">
<msg time="2025-04-11T17:48:41.847932" level="INFO">${yaml_content} = env: uat
browser:  chromium
headless:   False
dev:
  url: "https://swbedrock-dev.successwareg2.com/"
  credentials:
    username: "admin@automation.com"
    password: "P@ssw0rd!"
    approval_user_use...</msg>
<var>${yaml_content}</var>
<arg>${result}</arg>
<doc>Returns the given values which can then be assigned to a variables.</doc>
<status status="PASS" start="2025-04-11T17:48:41.847432" elapsed="0.000500"/>
</kw>
<kw name="Evaluate" owner="BuiltIn">
<msg time="2025-04-11T17:48:41.858751" level="INFO">${config} = {'env': 'uat', 'browser': 'chromium', 'headless': False, 'dev': {'url': 'https://swbedrock-dev.successwareg2.com/', 'credentials': {'username': 'admin@automation.com', 'password': 'P@ssw0rd!', 'approv...</msg>
<var>${config}</var>
<arg>yaml.safe_load('''${yaml_content}''')</arg>
<doc>Evaluates the given expression in Python and returns the result.</doc>
<status status="PASS" start="2025-04-11T17:48:41.848489" elapsed="0.010761"/>
</kw>
<return>
<value>${config}</value>
<status status="PASS" start="2025-04-11T17:48:41.859250" elapsed="0.000000"/>
</return>
<msg time="2025-04-11T17:48:41.859250" level="INFO">${config} = {'env': 'uat', 'browser': 'chromium', 'headless': False, 'dev': {'url': 'https://swbedrock-dev.successwareg2.com/', 'credentials': {'username': 'admin@automation.com', 'password': 'P@ssw0rd!', 'approv...</msg>
<var>${config}</var>
<arg>${CONFIG_FILE}</arg>
<status status="PASS" start="2025-04-11T17:48:41.843590" elapsed="0.015660"/>
</kw>
<kw name="Get Env" owner="yaml_utils">
<kw name="Get YAML Configuration" owner="yaml_utils">
<kw name="Get File" owner="OperatingSystem">
<msg time="2025-04-11T17:48:41.862031" level="INFO" html="true">Getting file '&lt;a href="file://C:\Successware-RF\Test-Automation\test-automation\app-config.yaml"&gt;C:\Successware-RF\Test-Automation\test-automation\app-config.yaml&lt;/a&gt;'.</msg>
<msg time="2025-04-11T17:48:41.862889" level="INFO">${result} = env: uat
browser:  chromium
headless:   False
dev:
  url: "https://swbedrock-dev.successwareg2.com/"
  credentials:
    username: "admin@automation.com"
    password: "P@ssw0rd!"
    approval_user_use...</msg>
<var>${result}</var>
<arg>${file_path}</arg>
<doc>Returns the contents of a specified file.</doc>
<status status="PASS" start="2025-04-11T17:48:41.861852" elapsed="0.001037"/>
</kw>
<kw name="Set Variable" owner="BuiltIn">
<msg time="2025-04-11T17:48:41.864046" level="INFO">${yaml_content} = env: uat
browser:  chromium
headless:   False
dev:
  url: "https://swbedrock-dev.successwareg2.com/"
  credentials:
    username: "admin@automation.com"
    password: "P@ssw0rd!"
    approval_user_use...</msg>
<var>${yaml_content}</var>
<arg>${result}</arg>
<doc>Returns the given values which can then be assigned to a variables.</doc>
<status status="PASS" start="2025-04-11T17:48:41.863547" elapsed="0.000499"/>
</kw>
<kw name="Evaluate" owner="BuiltIn">
<msg time="2025-04-11T17:48:41.876445" level="INFO">${config} = {'env': 'uat', 'browser': 'chromium', 'headless': False, 'dev': {'url': 'https://swbedrock-dev.successwareg2.com/', 'credentials': {'username': 'admin@automation.com', 'password': 'P@ssw0rd!', 'approv...</msg>
<var>${config}</var>
<arg>yaml.safe_load('''${yaml_content}''')</arg>
<doc>Evaluates the given expression in Python and returns the result.</doc>
<status status="PASS" start="2025-04-11T17:48:41.864546" elapsed="0.011940"/>
</kw>
<return>
<value>${config}</value>
<status status="PASS" start="2025-04-11T17:48:41.876986" elapsed="0.000000"/>
</return>
<msg time="2025-04-11T17:48:41.876986" level="INFO">${config} = {'env': 'uat', 'browser': 'chromium', 'headless': False, 'dev': {'url': 'https://swbedrock-dev.successwareg2.com/', 'credentials': {'username': 'admin@automation.com', 'password': 'P@ssw0rd!', 'approv...</msg>
<var>${config}</var>
<arg>${CONFIG_FILE}</arg>
<status status="PASS" start="2025-04-11T17:48:41.860452" elapsed="0.016534"/>
</kw>
<if>
<branch type="IF" condition="'${ENV}' != ''">
<kw name="Set Variable" owner="BuiltIn">
<msg time="2025-04-11T17:48:41.878374" level="INFO">${env} = uat</msg>
<var>${env}</var>
<arg>${ENV}</arg>
<doc>Returns the given values which can then be assigned to a variables.</doc>
<status status="PASS" start="2025-04-11T17:48:41.878374" elapsed="0.000000"/>
</kw>
<status status="PASS" start="2025-04-11T17:48:41.878083" elapsed="0.000291"/>
</branch>
<branch type="ELSE">
<if>
<branch type="IF" condition="'${useLog}' == '${True}'">
<kw name="Log To Console" owner="BuiltIn">
<arg>${config['env']}</arg>
<doc>Logs the given message to the console.</doc>
<status status="NOT RUN" start="2025-04-11T17:48:41.879635" elapsed="0.000000"/>
</kw>
<status status="NOT RUN" start="2025-04-11T17:48:41.878374" elapsed="0.001261"/>
</branch>
<status status="NOT RUN" start="2025-04-11T17:48:41.878374" elapsed="0.001261"/>
</if>
<kw name="Set Variable" owner="BuiltIn">
<var>${env}</var>
<arg>${config['env']}</arg>
<doc>Returns the given values which can then be assigned to a variables.</doc>
<status status="NOT RUN" start="2025-04-11T17:48:41.879635" elapsed="0.000000"/>
</kw>
<status status="NOT RUN" start="2025-04-11T17:48:41.878374" elapsed="0.001261"/>
</branch>
<status status="PASS" start="2025-04-11T17:48:41.876986" elapsed="0.002649"/>
</if>
<return>
<value>${env}</value>
<status status="PASS" start="2025-04-11T17:48:41.879635" elapsed="0.000000"/>
</return>
<msg time="2025-04-11T17:48:41.879635" level="INFO">${env} = uat</msg>
<var>${env}</var>
<status status="PASS" start="2025-04-11T17:48:41.860452" elapsed="0.020276"/>
</kw>
<kw name="Get From Dictionary" owner="Collections">
<msg time="2025-04-11T17:48:41.881229" level="INFO">${environment} = {'url': 'https://swbedrock-uat.successwareg2.com/', 'credentials': {'username': 'admin@automation.com', 'password': 'Password@123', 'approval_user_username': 'admin@bedrock.com', 'approval_user_passwo...</msg>
<var>${environment}</var>
<arg>${config}</arg>
<arg>${env}</arg>
<doc>Returns a value from the given ``dictionary`` based on the given ``key``.</doc>
<status status="PASS" start="2025-04-11T17:48:41.880728" elapsed="0.000799"/>
</kw>
<if>
<branch type="IF" condition="'${useLog}' == '${True}'">
<kw name="Log To Console" owner="BuiltIn">
<arg>here ${env} is ${environment}</arg>
<doc>Logs the given message to the console.</doc>
<status status="PASS" start="2025-04-11T17:48:41.881527" elapsed="0.001035"/>
</kw>
<status status="PASS" start="2025-04-11T17:48:41.881527" elapsed="0.001035"/>
</branch>
<status status="PASS" start="2025-04-11T17:48:41.881527" elapsed="0.001035"/>
</if>
<return>
<value>${environment}</value>
<status status="PASS" start="2025-04-11T17:48:41.882562" elapsed="0.000000"/>
</return>
<msg time="2025-04-11T17:48:41.883545" level="INFO">${env_values} = {'url': 'https://swbedrock-uat.successwareg2.com/', 'credentials': {'username': 'admin@automation.com', 'password': 'Password@123', 'approval_user_username': 'admin@bedrock.com', 'approval_user_passwo...</msg>
<var>${env_values}</var>
<arg>${useLog}</arg>
<status status="PASS" start="2025-04-11T17:48:41.843093" elapsed="0.040452"/>
</kw>
<return>
<value>${env_values['credentials']['password']}</value>
<status status="PASS" start="2025-04-11T17:48:41.883545" elapsed="0.000000"/>
</return>
<status status="PASS" start="2025-04-11T17:48:41.842591" elapsed="0.040954"/>
</branch>
<status status="PASS" start="2025-04-11T17:48:41.820893" elapsed="0.062652"/>
</if>
<msg time="2025-04-11T17:48:41.891543" level="INFO">${password} = Password@123</msg>
<var>${password}</var>
<arg>${useLog}</arg>
<status status="PASS" start="2025-04-11T17:48:41.801874" elapsed="0.089669"/>
</kw>
<kw name="Get Tenant Name" owner="yaml_utils">
<kw name="Get Variables" owner="BuiltIn">
<msg time="2025-04-11T17:48:41.905590" level="INFO">&amp;{env_variables} = { ${/}=\ | ${:}=; | ${\n}=
 | ${abort_batch_processing}=Batch Processing Aborted successfully. Remaining items will not be processed. | ${abort_btn}=//iframe[@id='Left-frame'] &gt;&gt;&gt; //div[contains(@cla...</msg>
<var>&amp;{env_variables}</var>
<doc>Returns a dictionary containing all variables in the current scope.</doc>
<status status="PASS" start="2025-04-11T17:48:41.893015" elapsed="0.013790"/>
</kw>
<if>
<branch type="IF" condition="'\$\{sw_tenantname\}' in @{env_variables.keys()}">
<return>
<value>${sw_tenantname}</value>
<status status="NOT RUN" start="2025-04-11T17:48:41.927124" elapsed="0.000498"/>
</return>
<status status="NOT RUN" start="2025-04-11T17:48:41.906805" elapsed="0.020817"/>
</branch>
<branch type="ELSE">
<kw name="Get Environment Values" owner="yaml_utils">
<kw name="Get YAML Configuration" owner="yaml_utils">
<kw name="Get File" owner="OperatingSystem">
<msg time="2025-04-11T17:48:41.930316" level="INFO" html="true">Getting file '&lt;a href="file://C:\Successware-RF\Test-Automation\test-automation\app-config.yaml"&gt;C:\Successware-RF\Test-Automation\test-automation\app-config.yaml&lt;/a&gt;'.</msg>
<msg time="2025-04-11T17:48:41.931543" level="INFO">${result} = env: uat
browser:  chromium
headless:   False
dev:
  url: "https://swbedrock-dev.successwareg2.com/"
  credentials:
    username: "admin@automation.com"
    password: "P@ssw0rd!"
    approval_user_use...</msg>
<var>${result}</var>
<arg>${file_path}</arg>
<doc>Returns the contents of a specified file.</doc>
<status status="PASS" start="2025-04-11T17:48:41.929818" elapsed="0.001725"/>
</kw>
<kw name="Set Variable" owner="BuiltIn">
<msg time="2025-04-11T17:48:41.932562" level="INFO">${yaml_content} = env: uat
browser:  chromium
headless:   False
dev:
  url: "https://swbedrock-dev.successwareg2.com/"
  credentials:
    username: "admin@automation.com"
    password: "P@ssw0rd!"
    approval_user_use...</msg>
<var>${yaml_content}</var>
<arg>${result}</arg>
<doc>Returns the given values which can then be assigned to a variables.</doc>
<status status="PASS" start="2025-04-11T17:48:41.932062" elapsed="0.000500"/>
</kw>
<kw name="Evaluate" owner="BuiltIn">
<msg time="2025-04-11T17:48:41.943501" level="INFO">${config} = {'env': 'uat', 'browser': 'chromium', 'headless': False, 'dev': {'url': 'https://swbedrock-dev.successwareg2.com/', 'credentials': {'username': 'admin@automation.com', 'password': 'P@ssw0rd!', 'approv...</msg>
<var>${config}</var>
<arg>yaml.safe_load('''${yaml_content}''')</arg>
<doc>Evaluates the given expression in Python and returns the result.</doc>
<status status="PASS" start="2025-04-11T17:48:41.933130" elapsed="0.010371"/>
</kw>
<return>
<value>${config}</value>
<status status="PASS" start="2025-04-11T17:48:41.944003" elapsed="0.000000"/>
</return>
<msg time="2025-04-11T17:48:41.944502" level="INFO">${config} = {'env': 'uat', 'browser': 'chromium', 'headless': False, 'dev': {'url': 'https://swbedrock-dev.successwareg2.com/', 'credentials': {'username': 'admin@automation.com', 'password': 'P@ssw0rd!', 'approv...</msg>
<var>${config}</var>
<arg>${CONFIG_FILE}</arg>
<status status="PASS" start="2025-04-11T17:48:41.929147" elapsed="0.015355"/>
</kw>
<kw name="Get Env" owner="yaml_utils">
<kw name="Get YAML Configuration" owner="yaml_utils">
<kw name="Get File" owner="OperatingSystem">
<msg time="2025-04-11T17:48:41.947041" level="INFO" html="true">Getting file '&lt;a href="file://C:\Successware-RF\Test-Automation\test-automation\app-config.yaml"&gt;C:\Successware-RF\Test-Automation\test-automation\app-config.yaml&lt;/a&gt;'.</msg>
<msg time="2025-04-11T17:48:41.976885" level="INFO">${result} = env: uat
browser:  chromium
headless:   False
dev:
  url: "https://swbedrock-dev.successwareg2.com/"
  credentials:
    username: "admin@automation.com"
    password: "P@ssw0rd!"
    approval_user_use...</msg>
<var>${result}</var>
<arg>${file_path}</arg>
<doc>Returns the contents of a specified file.</doc>
<status status="PASS" start="2025-04-11T17:48:41.946028" elapsed="0.030857"/>
</kw>
<kw name="Set Variable" owner="BuiltIn">
<msg time="2025-04-11T17:48:41.978391" level="INFO">${yaml_content} = env: uat
browser:  chromium
headless:   False
dev:
  url: "https://swbedrock-dev.successwareg2.com/"
  credentials:
    username: "admin@automation.com"
    password: "P@ssw0rd!"
    approval_user_use...</msg>
<var>${yaml_content}</var>
<arg>${result}</arg>
<doc>Returns the given values which can then be assigned to a variables.</doc>
<status status="PASS" start="2025-04-11T17:48:41.977886" elapsed="0.001004"/>
</kw>
<kw name="Evaluate" owner="BuiltIn">
<msg time="2025-04-11T17:48:41.990416" level="INFO">${config} = {'env': 'uat', 'browser': 'chromium', 'headless': False, 'dev': {'url': 'https://swbedrock-dev.successwareg2.com/', 'credentials': {'username': 'admin@automation.com', 'password': 'P@ssw0rd!', 'approv...</msg>
<var>${config}</var>
<arg>yaml.safe_load('''${yaml_content}''')</arg>
<doc>Evaluates the given expression in Python and returns the result.</doc>
<status status="PASS" start="2025-04-11T17:48:41.978938" elapsed="0.011978"/>
</kw>
<return>
<value>${config}</value>
<status status="PASS" start="2025-04-11T17:48:41.990916" elapsed="0.000500"/>
</return>
<msg time="2025-04-11T17:48:41.991481" level="INFO">${config} = {'env': 'uat', 'browser': 'chromium', 'headless': False, 'dev': {'url': 'https://swbedrock-dev.successwareg2.com/', 'credentials': {'username': 'admin@automation.com', 'password': 'P@ssw0rd!', 'approv...</msg>
<var>${config}</var>
<arg>${CONFIG_FILE}</arg>
<status status="PASS" start="2025-04-11T17:48:41.946028" elapsed="0.045958"/>
</kw>
<if>
<branch type="IF" condition="'${ENV}' != ''">
<kw name="Set Variable" owner="BuiltIn">
<msg time="2025-04-11T17:48:41.996153" level="INFO">${env} = uat</msg>
<var>${env}</var>
<arg>${ENV}</arg>
<doc>Returns the given values which can then be assigned to a variables.</doc>
<status status="PASS" start="2025-04-11T17:48:41.992480" elapsed="0.004337"/>
</kw>
<status status="PASS" start="2025-04-11T17:48:41.991986" elapsed="0.004831"/>
</branch>
<branch type="ELSE">
<if>
<branch type="IF" condition="'${useLog}' == '${True}'">
<kw name="Log To Console" owner="BuiltIn">
<arg>${config['env']}</arg>
<doc>Logs the given message to the console.</doc>
<status status="NOT RUN" start="2025-04-11T17:48:41.997434" elapsed="0.000500"/>
</kw>
<status status="NOT RUN" start="2025-04-11T17:48:41.997434" elapsed="0.000500"/>
</branch>
<status status="NOT RUN" start="2025-04-11T17:48:41.997434" elapsed="0.000500"/>
</if>
<kw name="Set Variable" owner="BuiltIn">
<var>${env}</var>
<arg>${config['env']}</arg>
<doc>Returns the given values which can then be assigned to a variables.</doc>
<status status="NOT RUN" start="2025-04-11T17:48:41.998434" elapsed="0.000000"/>
</kw>
<status status="NOT RUN" start="2025-04-11T17:48:41.996817" elapsed="0.002194"/>
</branch>
<status status="PASS" start="2025-04-11T17:48:41.991986" elapsed="0.007025"/>
</if>
<return>
<value>${env}</value>
<status status="PASS" start="2025-04-11T17:48:41.999011" elapsed="0.000000"/>
</return>
<msg time="2025-04-11T17:48:41.999511" level="INFO">${env} = uat</msg>
<var>${env}</var>
<status status="PASS" start="2025-04-11T17:48:41.945529" elapsed="0.053982"/>
</kw>
<kw name="Get From Dictionary" owner="Collections">
<msg time="2025-04-11T17:48:42.000544" level="INFO">${environment} = {'url': 'https://swbedrock-uat.successwareg2.com/', 'credentials': {'username': 'admin@automation.com', 'password': 'Password@123', 'approval_user_username': 'admin@bedrock.com', 'approval_user_passwo...</msg>
<var>${environment}</var>
<arg>${config}</arg>
<arg>${env}</arg>
<doc>Returns a value from the given ``dictionary`` based on the given ``key``.</doc>
<status status="PASS" start="2025-04-11T17:48:42.000043" elapsed="0.000501"/>
</kw>
<if>
<branch type="IF" condition="'${useLog}' == '${True}'">
<kw name="Log To Console" owner="BuiltIn">
<arg>here ${env} is ${environment}</arg>
<doc>Logs the given message to the console.</doc>
<status status="PASS" start="2025-04-11T17:48:42.001744" elapsed="0.001019"/>
</kw>
<status status="PASS" start="2025-04-11T17:48:42.001243" elapsed="0.001520"/>
</branch>
<status status="PASS" start="2025-04-11T17:48:42.001243" elapsed="0.002020"/>
</if>
<return>
<value>${environment}</value>
<status status="PASS" start="2025-04-11T17:48:42.003263" elapsed="0.000000"/>
</return>
<msg time="2025-04-11T17:48:42.003763" level="INFO">${env_values} = {'url': 'https://swbedrock-uat.successwareg2.com/', 'credentials': {'username': 'admin@automation.com', 'password': 'Password@123', 'approval_user_username': 'admin@bedrock.com', 'approval_user_passwo...</msg>
<var>${env_values}</var>
<arg>${useLog}</arg>
<status status="PASS" start="2025-04-11T17:48:41.928123" elapsed="0.075640"/>
</kw>
<return>
<value>${env_values['tenantname']}</value>
<status status="PASS" start="2025-04-11T17:48:42.003763" elapsed="0.000500"/>
</return>
<status status="PASS" start="2025-04-11T17:48:41.927622" elapsed="0.076641"/>
</branch>
<status status="PASS" start="2025-04-11T17:48:41.906805" elapsed="0.097458"/>
</if>
<msg time="2025-04-11T17:48:42.016849" level="INFO">${tenantname} = [TEST] Automation</msg>
<var>${tenantname}</var>
<arg>${useLog}</arg>
<status status="PASS" start="2025-04-11T17:48:41.892545" elapsed="0.124304"/>
</kw>
<kw name="Get Approval User Username" owner="yaml_utils">
<kw name="Get Variables" owner="BuiltIn">
<msg time="2025-04-11T17:48:42.039597" level="INFO">&amp;{env_variables} = { ${/}=\ | ${:}=; | ${\n}=
 | ${abort_batch_processing}=Batch Processing Aborted successfully. Remaining items will not be processed. | ${abort_btn}=//iframe[@id='Left-frame'] &gt;&gt;&gt; //div[contains(@cla...</msg>
<var>&amp;{env_variables}</var>
<doc>Returns a dictionary containing all variables in the current scope.</doc>
<status status="PASS" start="2025-04-11T17:48:42.022249" elapsed="0.017871"/>
</kw>
<if>
<branch type="IF" condition="'\$\{sw_approval_user_username\}' in @{env_variables.keys()}">
<return>
<value>${sw_approval_user_username}</value>
<status status="NOT RUN" start="2025-04-11T17:48:42.064700" elapsed="0.000500"/>
</return>
<status status="NOT RUN" start="2025-04-11T17:48:42.040120" elapsed="0.025080"/>
</branch>
<branch type="ELSE">
<kw name="Get Environment Values" owner="yaml_utils">
<kw name="Get YAML Configuration" owner="yaml_utils">
<kw name="Get File" owner="OperatingSystem">
<msg time="2025-04-11T17:48:42.067763" level="INFO" html="true">Getting file '&lt;a href="file://C:\Successware-RF\Test-Automation\test-automation\app-config.yaml"&gt;C:\Successware-RF\Test-Automation\test-automation\app-config.yaml&lt;/a&gt;'.</msg>
<msg time="2025-04-11T17:48:42.069305" level="INFO">${result} = env: uat
browser:  chromium
headless:   False
dev:
  url: "https://swbedrock-dev.successwareg2.com/"
  credentials:
    username: "admin@automation.com"
    password: "P@ssw0rd!"
    approval_user_use...</msg>
<var>${result}</var>
<arg>${file_path}</arg>
<doc>Returns the contents of a specified file.</doc>
<status status="PASS" start="2025-04-11T17:48:42.067700" elapsed="0.001605"/>
</kw>
<kw name="Set Variable" owner="BuiltIn">
<msg time="2025-04-11T17:48:42.070305" level="INFO">${yaml_content} = env: uat
browser:  chromium
headless:   False
dev:
  url: "https://swbedrock-dev.successwareg2.com/"
  credentials:
    username: "admin@automation.com"
    password: "P@ssw0rd!"
    approval_user_use...</msg>
<var>${yaml_content}</var>
<arg>${result}</arg>
<doc>Returns the given values which can then be assigned to a variables.</doc>
<status status="PASS" start="2025-04-11T17:48:42.069805" elapsed="0.000500"/>
</kw>
<kw name="Evaluate" owner="BuiltIn">
<msg time="2025-04-11T17:48:42.082621" level="INFO">${config} = {'env': 'uat', 'browser': 'chromium', 'headless': False, 'dev': {'url': 'https://swbedrock-dev.successwareg2.com/', 'credentials': {'username': 'admin@automation.com', 'password': 'P@ssw0rd!', 'approv...</msg>
<var>${config}</var>
<arg>yaml.safe_load('''${yaml_content}''')</arg>
<doc>Evaluates the given expression in Python and returns the result.</doc>
<status status="PASS" start="2025-04-11T17:48:42.070805" elapsed="0.011816"/>
</kw>
<return>
<value>${config}</value>
<status status="PASS" start="2025-04-11T17:48:42.083121" elapsed="0.000000"/>
</return>
<msg time="2025-04-11T17:48:42.083121" level="INFO">${config} = {'env': 'uat', 'browser': 'chromium', 'headless': False, 'dev': {'url': 'https://swbedrock-dev.successwareg2.com/', 'credentials': {'username': 'admin@automation.com', 'password': 'P@ssw0rd!', 'approv...</msg>
<var>${config}</var>
<arg>${CONFIG_FILE}</arg>
<status status="PASS" start="2025-04-11T17:48:42.066700" elapsed="0.016421"/>
</kw>
<kw name="Get Env" owner="yaml_utils">
<kw name="Get YAML Configuration" owner="yaml_utils">
<kw name="Get File" owner="OperatingSystem">
<msg time="2025-04-11T17:48:42.085903" level="INFO" html="true">Getting file '&lt;a href="file://C:\Successware-RF\Test-Automation\test-automation\app-config.yaml"&gt;C:\Successware-RF\Test-Automation\test-automation\app-config.yaml&lt;/a&gt;'.</msg>
<msg time="2025-04-11T17:48:42.088826" level="INFO">${result} = env: uat
browser:  chromium
headless:   False
dev:
  url: "https://swbedrock-dev.successwareg2.com/"
  credentials:
    username: "admin@automation.com"
    password: "P@ssw0rd!"
    approval_user_use...</msg>
<var>${result}</var>
<arg>${file_path}</arg>
<doc>Returns the contents of a specified file.</doc>
<status status="PASS" start="2025-04-11T17:48:42.085263" elapsed="0.004078"/>
</kw>
<kw name="Set Variable" owner="BuiltIn">
<msg time="2025-04-11T17:48:42.090341" level="INFO">${yaml_content} = env: uat
browser:  chromium
headless:   False
dev:
  url: "https://swbedrock-dev.successwareg2.com/"
  credentials:
    username: "admin@automation.com"
    password: "P@ssw0rd!"
    approval_user_use...</msg>
<var>${yaml_content}</var>
<arg>${result}</arg>
<doc>Returns the given values which can then be assigned to a variables.</doc>
<status status="PASS" start="2025-04-11T17:48:42.089842" elapsed="0.000499"/>
</kw>
<kw name="Evaluate" owner="BuiltIn">
<msg time="2025-04-11T17:48:42.138606" level="INFO">${config} = {'env': 'uat', 'browser': 'chromium', 'headless': False, 'dev': {'url': 'https://swbedrock-dev.successwareg2.com/', 'credentials': {'username': 'admin@automation.com', 'password': 'P@ssw0rd!', 'approv...</msg>
<var>${config}</var>
<arg>yaml.safe_load('''${yaml_content}''')</arg>
<doc>Evaluates the given expression in Python and returns the result.</doc>
<status status="PASS" start="2025-04-11T17:48:42.090842" elapsed="0.048265"/>
</kw>
<return>
<value>${config}</value>
<status status="PASS" start="2025-04-11T17:48:42.139107" elapsed="0.000488"/>
</return>
<msg time="2025-04-11T17:48:42.140095" level="INFO">${config} = {'env': 'uat', 'browser': 'chromium', 'headless': False, 'dev': {'url': 'https://swbedrock-dev.successwareg2.com/', 'credentials': {'username': 'admin@automation.com', 'password': 'P@ssw0rd!', 'approv...</msg>
<var>${config}</var>
<arg>${CONFIG_FILE}</arg>
<status status="PASS" start="2025-04-11T17:48:42.085263" elapsed="0.055157"/>
</kw>
<if>
<branch type="IF" condition="'${ENV}' != ''">
<kw name="Set Variable" owner="BuiltIn">
<msg time="2025-04-11T17:48:42.142131" level="INFO">${env} = uat</msg>
<var>${env}</var>
<arg>${ENV}</arg>
<doc>Returns the given values which can then be assigned to a variables.</doc>
<status status="PASS" start="2025-04-11T17:48:42.141933" elapsed="0.000720"/>
</kw>
<status status="PASS" start="2025-04-11T17:48:42.140420" elapsed="0.002735"/>
</branch>
<branch type="ELSE">
<if>
<branch type="IF" condition="'${useLog}' == '${True}'">
<kw name="Log To Console" owner="BuiltIn">
<arg>${config['env']}</arg>
<doc>Logs the given message to the console.</doc>
<status status="NOT RUN" start="2025-04-11T17:48:42.144021" elapsed="0.000000"/>
</kw>
<status status="NOT RUN" start="2025-04-11T17:48:42.143721" elapsed="0.000300"/>
</branch>
<status status="NOT RUN" start="2025-04-11T17:48:42.143721" elapsed="0.000300"/>
</if>
<kw name="Set Variable" owner="BuiltIn">
<var>${env}</var>
<arg>${config['env']}</arg>
<doc>Returns the given values which can then be assigned to a variables.</doc>
<status status="NOT RUN" start="2025-04-11T17:48:42.144021" elapsed="0.000000"/>
</kw>
<status status="NOT RUN" start="2025-04-11T17:48:42.143220" elapsed="0.000801"/>
</branch>
<status status="PASS" start="2025-04-11T17:48:42.140420" elapsed="0.004951"/>
</if>
<return>
<value>${env}</value>
<status status="PASS" start="2025-04-11T17:48:42.145371" elapsed="0.000000"/>
</return>
<msg time="2025-04-11T17:48:42.146036" level="INFO">${env} = uat</msg>
<var>${env}</var>
<status status="PASS" start="2025-04-11T17:48:42.084226" elapsed="0.061810"/>
</kw>
<kw name="Get From Dictionary" owner="Collections">
<msg time="2025-04-11T17:48:42.146910" level="INFO">${environment} = {'url': 'https://swbedrock-uat.successwareg2.com/', 'credentials': {'username': 'admin@automation.com', 'password': 'Password@123', 'approval_user_username': 'admin@bedrock.com', 'approval_user_passwo...</msg>
<var>${environment}</var>
<arg>${config}</arg>
<arg>${env}</arg>
<doc>Returns a value from the given ``dictionary`` based on the given ``key``.</doc>
<status status="PASS" start="2025-04-11T17:48:42.146510" elapsed="0.000901"/>
</kw>
<if>
<branch type="IF" condition="'${useLog}' == '${True}'">
<kw name="Log To Console" owner="BuiltIn">
<arg>here ${env} is ${environment}</arg>
<doc>Logs the given message to the console.</doc>
<status status="PASS" start="2025-04-11T17:48:42.147911" elapsed="0.004817"/>
</kw>
<status status="PASS" start="2025-04-11T17:48:42.147411" elapsed="0.005818"/>
</branch>
<status status="PASS" start="2025-04-11T17:48:42.147411" elapsed="0.006316"/>
</if>
<return>
<value>${environment}</value>
<status status="PASS" start="2025-04-11T17:48:42.153727" elapsed="0.000000"/>
</return>
<msg time="2025-04-11T17:48:42.154228" level="INFO">${env_values} = {'url': 'https://swbedrock-uat.successwareg2.com/', 'credentials': {'username': 'admin@automation.com', 'password': 'Password@123', 'approval_user_username': 'admin@bedrock.com', 'approval_user_passwo...</msg>
<var>${env_values}</var>
<arg>${useLog}</arg>
<status status="PASS" start="2025-04-11T17:48:42.066200" elapsed="0.088586"/>
</kw>
<return>
<value>${env_values['credentials']['approval_user_username']}</value>
<status status="PASS" start="2025-04-11T17:48:42.154786" elapsed="0.000000"/>
</return>
<status status="PASS" start="2025-04-11T17:48:42.065200" elapsed="0.090119"/>
</branch>
<status status="PASS" start="2025-04-11T17:48:42.040120" elapsed="0.115199"/>
</if>
<msg time="2025-04-11T17:48:42.166721" level="INFO">${approval_user_username} = admin@bedrock.com</msg>
<var>${approval_user_username}</var>
<arg>${useLog}</arg>
<status status="PASS" start="2025-04-11T17:48:42.017680" elapsed="0.149041"/>
</kw>
<kw name="Get Approval User Password" owner="yaml_utils">
<kw name="Get Variables" owner="BuiltIn">
<msg time="2025-04-11T17:48:42.184136" level="INFO">&amp;{env_variables} = { ${/}=\ | ${:}=; | ${\n}=
 | ${abort_batch_processing}=Batch Processing Aborted successfully. Remaining items will not be processed. | ${abort_btn}=//iframe[@id='Left-frame'] &gt;&gt;&gt; //div[contains(@cla...</msg>
<var>&amp;{env_variables}</var>
<doc>Returns a dictionary containing all variables in the current scope.</doc>
<status status="PASS" start="2025-04-11T17:48:42.168222" elapsed="0.015914"/>
</kw>
<if>
<branch type="IF" condition="'\$\{sw_approval_user_password\}' in @{env_variables.keys()}">
<return>
<value>${sw_approval_user_password}</value>
<status status="NOT RUN" start="2025-04-11T17:48:42.204835" elapsed="0.001001"/>
</return>
<status status="NOT RUN" start="2025-04-11T17:48:42.184136" elapsed="0.021700"/>
</branch>
<branch type="ELSE">
<kw name="Get Environment Values" owner="yaml_utils">
<kw name="Get YAML Configuration" owner="yaml_utils">
<kw name="Get File" owner="OperatingSystem">
<msg time="2025-04-11T17:48:42.206835" level="INFO" html="true">Getting file '&lt;a href="file://C:\Successware-RF\Test-Automation\test-automation\app-config.yaml"&gt;C:\Successware-RF\Test-Automation\test-automation\app-config.yaml&lt;/a&gt;'.</msg>
<msg time="2025-04-11T17:48:42.208431" level="INFO">${result} = env: uat
browser:  chromium
headless:   False
dev:
  url: "https://swbedrock-dev.successwareg2.com/"
  credentials:
    username: "admin@automation.com"
    password: "P@ssw0rd!"
    approval_user_use...</msg>
<var>${result}</var>
<arg>${file_path}</arg>
<doc>Returns the contents of a specified file.</doc>
<status status="PASS" start="2025-04-11T17:48:42.206835" elapsed="0.001596"/>
</kw>
<kw name="Set Variable" owner="BuiltIn">
<msg time="2025-04-11T17:48:42.209835" level="INFO">${yaml_content} = env: uat
browser:  chromium
headless:   False
dev:
  url: "https://swbedrock-dev.successwareg2.com/"
  credentials:
    username: "admin@automation.com"
    password: "P@ssw0rd!"
    approval_user_use...</msg>
<var>${yaml_content}</var>
<arg>${result}</arg>
<doc>Returns the given values which can then be assigned to a variables.</doc>
<status status="PASS" start="2025-04-11T17:48:42.208933" elapsed="0.000902"/>
</kw>
<kw name="Evaluate" owner="BuiltIn">
<msg time="2025-04-11T17:48:42.217947" level="INFO">${config} = {'env': 'uat', 'browser': 'chromium', 'headless': False, 'dev': {'url': 'https://swbedrock-dev.successwareg2.com/', 'credentials': {'username': 'admin@automation.com', 'password': 'P@ssw0rd!', 'approv...</msg>
<var>${config}</var>
<arg>yaml.safe_load('''${yaml_content}''')</arg>
<doc>Evaluates the given expression in Python and returns the result.</doc>
<status status="PASS" start="2025-04-11T17:48:42.209835" elapsed="0.008611"/>
</kw>
<return>
<value>${config}</value>
<status status="PASS" start="2025-04-11T17:48:42.218446" elapsed="0.000541"/>
</return>
<msg time="2025-04-11T17:48:42.219060" level="INFO">${config} = {'env': 'uat', 'browser': 'chromium', 'headless': False, 'dev': {'url': 'https://swbedrock-dev.successwareg2.com/', 'credentials': {'username': 'admin@automation.com', 'password': 'P@ssw0rd!', 'approv...</msg>
<var>${config}</var>
<arg>${CONFIG_FILE}</arg>
<status status="PASS" start="2025-04-11T17:48:42.206835" elapsed="0.012225"/>
</kw>
<kw name="Get Env" owner="yaml_utils">
<kw name="Get YAML Configuration" owner="yaml_utils">
<kw name="Get File" owner="OperatingSystem">
<msg time="2025-04-11T17:48:42.219946" level="INFO" html="true">Getting file '&lt;a href="file://C:\Successware-RF\Test-Automation\test-automation\app-config.yaml"&gt;C:\Successware-RF\Test-Automation\test-automation\app-config.yaml&lt;/a&gt;'.</msg>
<msg time="2025-04-11T17:48:42.221237" level="INFO">${result} = env: uat
browser:  chromium
headless:   False
dev:
  url: "https://swbedrock-dev.successwareg2.com/"
  credentials:
    username: "admin@automation.com"
    password: "P@ssw0rd!"
    approval_user_use...</msg>
<var>${result}</var>
<arg>${file_path}</arg>
<doc>Returns the contents of a specified file.</doc>
<status status="PASS" start="2025-04-11T17:48:42.219946" elapsed="0.001816"/>
</kw>
<kw name="Set Variable" owner="BuiltIn">
<msg time="2025-04-11T17:48:42.222262" level="INFO">${yaml_content} = env: uat
browser:  chromium
headless:   False
dev:
  url: "https://swbedrock-dev.successwareg2.com/"
  credentials:
    username: "admin@automation.com"
    password: "P@ssw0rd!"
    approval_user_use...</msg>
<var>${yaml_content}</var>
<arg>${result}</arg>
<doc>Returns the given values which can then be assigned to a variables.</doc>
<status status="PASS" start="2025-04-11T17:48:42.221762" elapsed="0.000500"/>
</kw>
<kw name="Evaluate" owner="BuiltIn">
<msg time="2025-04-11T17:48:42.229385" level="INFO">${config} = {'env': 'uat', 'browser': 'chromium', 'headless': False, 'dev': {'url': 'https://swbedrock-dev.successwareg2.com/', 'credentials': {'username': 'admin@automation.com', 'password': 'P@ssw0rd!', 'approv...</msg>
<var>${config}</var>
<arg>yaml.safe_load('''${yaml_content}''')</arg>
<doc>Evaluates the given expression in Python and returns the result.</doc>
<status status="PASS" start="2025-04-11T17:48:42.223010" elapsed="0.006375"/>
</kw>
<return>
<value>${config}</value>
<status status="PASS" start="2025-04-11T17:48:42.229385" elapsed="0.000000"/>
</return>
<msg time="2025-04-11T17:48:42.229385" level="INFO">${config} = {'env': 'uat', 'browser': 'chromium', 'headless': False, 'dev': {'url': 'https://swbedrock-dev.successwareg2.com/', 'credentials': {'username': 'admin@automation.com', 'password': 'P@ssw0rd!', 'approv...</msg>
<var>${config}</var>
<arg>${CONFIG_FILE}</arg>
<status status="PASS" start="2025-04-11T17:48:42.219946" elapsed="0.010441"/>
</kw>
<if>
<branch type="IF" condition="'${ENV}' != ''">
<kw name="Set Variable" owner="BuiltIn">
<msg time="2025-04-11T17:48:42.230387" level="INFO">${env} = uat</msg>
<var>${env}</var>
<arg>${ENV}</arg>
<doc>Returns the given values which can then be assigned to a variables.</doc>
<status status="PASS" start="2025-04-11T17:48:42.230387" elapsed="0.000000"/>
</kw>
<status status="PASS" start="2025-04-11T17:48:42.230387" elapsed="0.000999"/>
</branch>
<branch type="ELSE">
<if>
<branch type="IF" condition="'${useLog}' == '${True}'">
<kw name="Log To Console" owner="BuiltIn">
<arg>${config['env']}</arg>
<doc>Logs the given message to the console.</doc>
<status status="NOT RUN" start="2025-04-11T17:48:42.231386" elapsed="0.000000"/>
</kw>
<status status="NOT RUN" start="2025-04-11T17:48:42.231386" elapsed="0.000000"/>
</branch>
<status status="NOT RUN" start="2025-04-11T17:48:42.231386" elapsed="0.000000"/>
</if>
<kw name="Set Variable" owner="BuiltIn">
<var>${env}</var>
<arg>${config['env']}</arg>
<doc>Returns the given values which can then be assigned to a variables.</doc>
<status status="NOT RUN" start="2025-04-11T17:48:42.231386" elapsed="0.000000"/>
</kw>
<status status="NOT RUN" start="2025-04-11T17:48:42.231386" elapsed="0.001002"/>
</branch>
<status status="PASS" start="2025-04-11T17:48:42.230387" elapsed="0.002001"/>
</if>
<return>
<value>${env}</value>
<status status="PASS" start="2025-04-11T17:48:42.232388" elapsed="0.000000"/>
</return>
<msg time="2025-04-11T17:48:42.232388" level="INFO">${env} = uat</msg>
<var>${env}</var>
<status status="PASS" start="2025-04-11T17:48:42.219446" elapsed="0.012942"/>
</kw>
<kw name="Get From Dictionary" owner="Collections">
<msg time="2025-04-11T17:48:42.232388" level="INFO">${environment} = {'url': 'https://swbedrock-uat.successwareg2.com/', 'credentials': {'username': 'admin@automation.com', 'password': 'Password@123', 'approval_user_username': 'admin@bedrock.com', 'approval_user_passwo...</msg>
<var>${environment}</var>
<arg>${config}</arg>
<arg>${env}</arg>
<doc>Returns a value from the given ``dictionary`` based on the given ``key``.</doc>
<status status="PASS" start="2025-04-11T17:48:42.232388" elapsed="0.000999"/>
</kw>
<if>
<branch type="IF" condition="'${useLog}' == '${True}'">
<kw name="Log To Console" owner="BuiltIn">
<arg>here ${env} is ${environment}</arg>
<doc>Logs the given message to the console.</doc>
<status status="PASS" start="2025-04-11T17:48:42.234070" elapsed="0.000779"/>
</kw>
<status status="PASS" start="2025-04-11T17:48:42.233572" elapsed="0.001277"/>
</branch>
<status status="PASS" start="2025-04-11T17:48:42.233572" elapsed="0.001277"/>
</if>
<return>
<value>${environment}</value>
<status status="PASS" start="2025-04-11T17:48:42.234849" elapsed="0.000500"/>
</return>
<msg time="2025-04-11T17:48:42.235349" level="INFO">${env_values} = {'url': 'https://swbedrock-uat.successwareg2.com/', 'credentials': {'username': 'admin@automation.com', 'password': 'Password@123', 'approval_user_username': 'admin@bedrock.com', 'approval_user_passwo...</msg>
<var>${env_values}</var>
<arg>${useLog}</arg>
<status status="PASS" start="2025-04-11T17:48:42.205836" elapsed="0.029513"/>
</kw>
<return>
<value>${env_values['credentials']['approval_user_password']}</value>
<status status="PASS" start="2025-04-11T17:48:42.235349" elapsed="0.000000"/>
</return>
<status status="PASS" start="2025-04-11T17:48:42.205836" elapsed="0.029513"/>
</branch>
<status status="PASS" start="2025-04-11T17:48:42.184136" elapsed="0.052224"/>
</if>
<msg time="2025-04-11T17:48:42.240360" level="INFO">${approval_user_password} = Password@4567$</msg>
<var>${approval_user_password}</var>
<arg>${useLog}</arg>
<status status="PASS" start="2025-04-11T17:48:42.167721" elapsed="0.073639"/>
</kw>
<kw name="Read Csv As Dictionary" owner="CSVLib">
<msg time="2025-04-11T17:48:42.245555" level="INFO">${test_data} = {'lead_source_type': 'CLUB', 'lead_source_id': 'INV', 'address_1': '1234 Mount Vernon Avenue', 'address_2': '1234 Mount Vernon Avenue,Columbus,OH,43203', 'city': 'Columbus', 'state': 'OH', 'zip': '432...</msg>
<var>${test_data}</var>
<arg>filename=test_data/${folder_name}/${file_name}</arg>
<arg>key_column=key</arg>
<arg>value_columns=value</arg>
<arg>delimiter=,</arg>
<status status="PASS" start="2025-04-11T17:48:42.241360" elapsed="0.004195"/>
</kw>
<kw name="Set To Dictionary" owner="Collections">
<arg>${test_data}</arg>
<arg>username=${username}</arg>
<arg>password=${password}</arg>
<arg>tenantname=${tenantname}</arg>
<doc>Adds the given ``key_value_pairs`` and/or ``items`` to the ``dictionary``.</doc>
<status status="PASS" start="2025-04-11T17:48:42.246054" elapsed="0.000000"/>
</kw>
<kw name="Set To Dictionary" owner="Collections">
<arg>${test_data}</arg>
<arg>approval_user_username=${approval_user_username}</arg>
<arg>approval_user_password=${approval_user_password}</arg>
<arg>tenantname=${tenantname}</arg>
<doc>Adds the given ``key_value_pairs`` and/or ``items`` to the ``dictionary``.</doc>
<status status="PASS" start="2025-04-11T17:48:42.247069" elapsed="0.000000"/>
</kw>
<kw name="Set Suite Variable" owner="BuiltIn">
<msg time="2025-04-11T17:48:42.247069" level="INFO">${global_test_data} = {'lead_source_type': 'CLUB', 'lead_source_id': 'INV', 'address_1': '1234 Mount Vernon Avenue', 'address_2': '1234 Mount Vernon Avenue,Columbus,OH,43203', 'city': 'Columbus', 'state': 'OH', 'zip': '432...</msg>
<arg>${global_test_data}</arg>
<arg>${test_data}</arg>
<doc>Makes a variable available everywhere within the scope of the current suite.</doc>
<status status="PASS" start="2025-04-11T17:48:42.247069" elapsed="0.001001"/>
</kw>
<arg>folder_name=platform_web</arg>
<arg>file_name=ar_manager.csv</arg>
<status status="PASS" start="2025-04-11T17:48:41.696375" elapsed="0.551695"/>
</kw>
<test id="s1-s1-s1-s1-s1-t1" name="Receivables Manager_Billing Account History_Create Credit Memo_TC-28" line="190">
<kw name="Custom Setup" owner="playwright_utils" type="SETUP">
<kw name="Get Url" owner="yaml_utils">
<kw name="Get Environment Values" owner="yaml_utils">
<kw name="Get YAML Configuration" owner="yaml_utils">
<kw name="Get File" owner="OperatingSystem">
<msg time="2025-04-11T17:48:42.256787" level="INFO" html="true">Getting file '&lt;a href="file://C:\Successware-RF\Test-Automation\test-automation\app-config.yaml"&gt;C:\Successware-RF\Test-Automation\test-automation\app-config.yaml&lt;/a&gt;'.</msg>
<msg time="2025-04-11T17:48:42.258160" level="INFO">${result} = env: uat
browser:  chromium
headless:   False
dev:
  url: "https://swbedrock-dev.successwareg2.com/"
  credentials:
    username: "admin@automation.com"
    password: "P@ssw0rd!"
    approval_user_use...</msg>
<var>${result}</var>
<arg>${file_path}</arg>
<doc>Returns the contents of a specified file.</doc>
<status status="PASS" start="2025-04-11T17:48:42.256787" elapsed="0.001373"/>
</kw>
<kw name="Set Variable" owner="BuiltIn">
<msg time="2025-04-11T17:48:42.259240" level="INFO">${yaml_content} = env: uat
browser:  chromium
headless:   False
dev:
  url: "https://swbedrock-dev.successwareg2.com/"
  credentials:
    username: "admin@automation.com"
    password: "P@ssw0rd!"
    approval_user_use...</msg>
<var>${yaml_content}</var>
<arg>${result}</arg>
<doc>Returns the given values which can then be assigned to a variables.</doc>
<status status="PASS" start="2025-04-11T17:48:42.258717" elapsed="0.001050"/>
</kw>
<kw name="Evaluate" owner="BuiltIn">
<msg time="2025-04-11T17:48:42.271749" level="INFO">${config} = {'env': 'uat', 'browser': 'chromium', 'headless': False, 'dev': {'url': 'https://swbedrock-dev.successwareg2.com/', 'credentials': {'username': 'admin@automation.com', 'password': 'P@ssw0rd!', 'approv...</msg>
<var>${config}</var>
<arg>yaml.safe_load('''${yaml_content}''')</arg>
<doc>Evaluates the given expression in Python and returns the result.</doc>
<status status="PASS" start="2025-04-11T17:48:42.259767" elapsed="0.012481"/>
</kw>
<return>
<value>${config}</value>
<status status="PASS" start="2025-04-11T17:48:42.272248" elapsed="0.000499"/>
</return>
<msg time="2025-04-11T17:48:42.272868" level="INFO">${config} = {'env': 'uat', 'browser': 'chromium', 'headless': False, 'dev': {'url': 'https://swbedrock-dev.successwareg2.com/', 'credentials': {'username': 'admin@automation.com', 'password': 'P@ssw0rd!', 'approv...</msg>
<var>${config}</var>
<arg>${CONFIG_FILE}</arg>
<status status="PASS" start="2025-04-11T17:48:42.255788" elapsed="0.017080"/>
</kw>
<kw name="Get Env" owner="yaml_utils">
<kw name="Get YAML Configuration" owner="yaml_utils">
<kw name="Get File" owner="OperatingSystem">
<msg time="2025-04-11T17:48:42.275989" level="INFO" html="true">Getting file '&lt;a href="file://C:\Successware-RF\Test-Automation\test-automation\app-config.yaml"&gt;C:\Successware-RF\Test-Automation\test-automation\app-config.yaml&lt;/a&gt;'.</msg>
<msg time="2025-04-11T17:48:42.276988" level="INFO">${result} = env: uat
browser:  chromium
headless:   False
dev:
  url: "https://swbedrock-dev.successwareg2.com/"
  credentials:
    username: "admin@automation.com"
    password: "P@ssw0rd!"
    approval_user_use...</msg>
<var>${result}</var>
<arg>${file_path}</arg>
<doc>Returns the contents of a specified file.</doc>
<status status="PASS" start="2025-04-11T17:48:42.274981" elapsed="0.002007"/>
</kw>
<kw name="Set Variable" owner="BuiltIn">
<msg time="2025-04-11T17:48:42.277989" level="INFO">${yaml_content} = env: uat
browser:  chromium
headless:   False
dev:
  url: "https://swbedrock-dev.successwareg2.com/"
  credentials:
    username: "admin@automation.com"
    password: "P@ssw0rd!"
    approval_user_use...</msg>
<var>${yaml_content}</var>
<arg>${result}</arg>
<doc>Returns the given values which can then be assigned to a variables.</doc>
<status status="PASS" start="2025-04-11T17:48:42.276988" elapsed="0.001001"/>
</kw>
<kw name="Evaluate" owner="BuiltIn">
<msg time="2025-04-11T17:48:42.288540" level="INFO">${config} = {'env': 'uat', 'browser': 'chromium', 'headless': False, 'dev': {'url': 'https://swbedrock-dev.successwareg2.com/', 'credentials': {'username': 'admin@automation.com', 'password': 'P@ssw0rd!', 'approv...</msg>
<var>${config}</var>
<arg>yaml.safe_load('''${yaml_content}''')</arg>
<doc>Evaluates the given expression in Python and returns the result.</doc>
<status status="PASS" start="2025-04-11T17:48:42.278567" elapsed="0.009973"/>
</kw>
<return>
<value>${config}</value>
<status status="PASS" start="2025-04-11T17:48:42.289542" elapsed="0.000000"/>
</return>
<msg time="2025-04-11T17:48:42.289542" level="INFO">${config} = {'env': 'uat', 'browser': 'chromium', 'headless': False, 'dev': {'url': 'https://swbedrock-dev.successwareg2.com/', 'credentials': {'username': 'admin@automation.com', 'password': 'P@ssw0rd!', 'approv...</msg>
<var>${config}</var>
<arg>${CONFIG_FILE}</arg>
<status status="PASS" start="2025-04-11T17:48:42.274445" elapsed="0.015097"/>
</kw>
<if>
<branch type="IF" condition="'${ENV}' != ''">
<kw name="Set Variable" owner="BuiltIn">
<msg time="2025-04-11T17:48:42.290545" level="INFO">${env} = uat</msg>
<var>${env}</var>
<arg>${ENV}</arg>
<doc>Returns the given values which can then be assigned to a variables.</doc>
<status status="PASS" start="2025-04-11T17:48:42.290545" elapsed="0.000000"/>
</kw>
<status status="PASS" start="2025-04-11T17:48:42.289542" elapsed="0.001003"/>
</branch>
<branch type="ELSE">
<if>
<branch type="IF" condition="'${useLog}' == '${True}'">
<kw name="Log To Console" owner="BuiltIn">
<arg>${config['env']}</arg>
<doc>Logs the given message to the console.</doc>
<status status="NOT RUN" start="2025-04-11T17:48:42.291545" elapsed="0.000000"/>
</kw>
<status status="NOT RUN" start="2025-04-11T17:48:42.291545" elapsed="0.000000"/>
</branch>
<status status="NOT RUN" start="2025-04-11T17:48:42.291545" elapsed="0.000591"/>
</if>
<kw name="Set Variable" owner="BuiltIn">
<var>${env}</var>
<arg>${config['env']}</arg>
<doc>Returns the given values which can then be assigned to a variables.</doc>
<status status="NOT RUN" start="2025-04-11T17:48:42.292303" elapsed="0.000000"/>
</kw>
<status status="NOT RUN" start="2025-04-11T17:48:42.290545" elapsed="0.001758"/>
</branch>
<status status="PASS" start="2025-04-11T17:48:42.289542" elapsed="0.002761"/>
</if>
<return>
<value>${env}</value>
<status status="PASS" start="2025-04-11T17:48:42.292303" elapsed="0.000000"/>
</return>
<msg time="2025-04-11T17:48:42.292303" level="INFO">${env} = uat</msg>
<var>${env}</var>
<status status="PASS" start="2025-04-11T17:48:42.273583" elapsed="0.018720"/>
</kw>
<kw name="Get From Dictionary" owner="Collections">
<msg time="2025-04-11T17:48:42.293356" level="INFO">${environment} = {'url': 'https://swbedrock-uat.successwareg2.com/', 'credentials': {'username': 'admin@automation.com', 'password': 'Password@123', 'approval_user_username': 'admin@bedrock.com', 'approval_user_passwo...</msg>
<var>${environment}</var>
<arg>${config}</arg>
<arg>${env}</arg>
<doc>Returns a value from the given ``dictionary`` based on the given ``key``.</doc>
<status status="PASS" start="2025-04-11T17:48:42.293356" elapsed="0.000000"/>
</kw>
<if>
<branch type="IF" condition="'${useLog}' == '${True}'">
<kw name="Log To Console" owner="BuiltIn">
<arg>here ${env} is ${environment}</arg>
<doc>Logs the given message to the console.</doc>
<status status="PASS" start="2025-04-11T17:48:42.293356" elapsed="0.001000"/>
</kw>
<status status="PASS" start="2025-04-11T17:48:42.293356" elapsed="0.001590"/>
</branch>
<status status="PASS" start="2025-04-11T17:48:42.293356" elapsed="0.001590"/>
</if>
<return>
<value>${environment}</value>
<status status="PASS" start="2025-04-11T17:48:42.294946" elapsed="0.000000"/>
</return>
<msg time="2025-04-11T17:48:42.295443" level="INFO">${env_values} = {'url': 'https://swbedrock-uat.successwareg2.com/', 'credentials': {'username': 'admin@automation.com', 'password': 'Password@123', 'approval_user_username': 'admin@bedrock.com', 'approval_user_passwo...</msg>
<var>${env_values}</var>
<arg>${useLog}</arg>
<status status="PASS" start="2025-04-11T17:48:42.255286" elapsed="0.040157"/>
</kw>
<return>
<value>${env_values['url']}</value>
<status status="PASS" start="2025-04-11T17:48:42.295443" elapsed="0.000000"/>
</return>
<msg time="2025-04-11T17:48:42.302497" level="INFO">${url} = https://swbedrock-uat.successwareg2.com/</msg>
<var>${url}</var>
<status status="PASS" start="2025-04-11T17:48:42.254151" elapsed="0.049347"/>
</kw>
<kw name="Get Browser" owner="yaml_utils">
<kw name="Get Variables" owner="BuiltIn">
<msg time="2025-04-11T17:48:42.317427" level="INFO">&amp;{env_variables} = { ${/}=\ | ${:}=; | ${\n}=
 | ${abort_batch_processing}=Batch Processing Aborted successfully. Remaining items will not be processed. | ${abort_btn}=//iframe[@id='Left-frame'] &gt;&gt;&gt; //div[contains(@cla...</msg>
<var>&amp;{env_variables}</var>
<doc>Returns a dictionary containing all variables in the current scope.</doc>
<status status="PASS" start="2025-04-11T17:48:42.304497" elapsed="0.012930"/>
</kw>
<if>
<branch type="IF" condition="'\$\{BROWSER\}' in @{env_variables.keys()}">
<return>
<value>${BROWSER}</value>
<status status="NOT RUN" start="2025-04-11T17:48:42.331690" elapsed="0.000000"/>
</return>
<status status="NOT RUN" start="2025-04-11T17:48:42.318424" elapsed="0.013266"/>
</branch>
<branch type="ELSE">
<return>
<value>${browser}</value>
<status status="PASS" start="2025-04-11T17:48:42.331690" elapsed="0.000000"/>
</return>
<status status="PASS" start="2025-04-11T17:48:42.331690" elapsed="0.000999"/>
</branch>
<status status="PASS" start="2025-04-11T17:48:42.318424" elapsed="0.014265"/>
</if>
<msg time="2025-04-11T17:48:42.332689" level="INFO">${browser} = chromium</msg>
<var>${browser}</var>
<status status="PASS" start="2025-04-11T17:48:42.304497" elapsed="0.028192"/>
</kw>
<kw name="Get Headless" owner="yaml_utils">
<return>
<value>${${headless}}</value>
<status status="PASS" start="2025-04-11T17:48:42.332689" elapsed="0.000000"/>
</return>
<msg time="2025-04-11T17:48:42.333693" level="INFO">${headless} = False</msg>
<var>${headless}</var>
<status status="PASS" start="2025-04-11T17:48:42.332689" elapsed="0.001004"/>
</kw>
<kw name="Custom Open Browser" owner="playwright_utils">
<kw name="Set Browser Timeout" owner="Browser">
<arg>60s</arg>
<tag>Config</tag>
<tag>Setter</tag>
<doc>Sets the timeout used by most input and getter keywords.</doc>
<status status="PASS" start="2025-04-11T17:48:42.334675" elapsed="0.058944"/>
</kw>
<kw name="Get Env" owner="yaml_utils">
<kw name="Get YAML Configuration" owner="yaml_utils">
<kw name="Get File" owner="OperatingSystem">
<msg time="2025-04-11T17:48:42.396619" level="INFO" html="true">Getting file '&lt;a href="file://C:\Successware-RF\Test-Automation\test-automation\app-config.yaml"&gt;C:\Successware-RF\Test-Automation\test-automation\app-config.yaml&lt;/a&gt;'.</msg>
<msg time="2025-04-11T17:48:42.398056" level="INFO">${result} = env: uat
browser:  chromium
headless:   False
dev:
  url: "https://swbedrock-dev.successwareg2.com/"
  credentials:
    username: "admin@automation.com"
    password: "P@ssw0rd!"
    approval_user_use...</msg>
<var>${result}</var>
<arg>${file_path}</arg>
<doc>Returns the contents of a specified file.</doc>
<status status="PASS" start="2025-04-11T17:48:42.395621" elapsed="0.002935"/>
</kw>
<kw name="Set Variable" owner="BuiltIn">
<msg time="2025-04-11T17:48:42.399556" level="INFO">${yaml_content} = env: uat
browser:  chromium
headless:   False
dev:
  url: "https://swbedrock-dev.successwareg2.com/"
  credentials:
    username: "admin@automation.com"
    password: "P@ssw0rd!"
    approval_user_use...</msg>
<var>${yaml_content}</var>
<arg>${result}</arg>
<doc>Returns the given values which can then be assigned to a variables.</doc>
<status status="PASS" start="2025-04-11T17:48:42.399059" elapsed="0.000497"/>
</kw>
<kw name="Evaluate" owner="BuiltIn">
<msg time="2025-04-11T17:48:42.407837" level="INFO">${config} = {'env': 'uat', 'browser': 'chromium', 'headless': False, 'dev': {'url': 'https://swbedrock-dev.successwareg2.com/', 'credentials': {'username': 'admin@automation.com', 'password': 'P@ssw0rd!', 'approv...</msg>
<var>${config}</var>
<arg>yaml.safe_load('''${yaml_content}''')</arg>
<doc>Evaluates the given expression in Python and returns the result.</doc>
<status status="PASS" start="2025-04-11T17:48:42.400204" elapsed="0.007633"/>
</kw>
<return>
<value>${config}</value>
<status status="PASS" start="2025-04-11T17:48:42.407837" elapsed="0.000998"/>
</return>
<msg time="2025-04-11T17:48:42.408835" level="INFO">${config} = {'env': 'uat', 'browser': 'chromium', 'headless': False, 'dev': {'url': 'https://swbedrock-dev.successwareg2.com/', 'credentials': {'username': 'admin@automation.com', 'password': 'P@ssw0rd!', 'approv...</msg>
<var>${config}</var>
<arg>${CONFIG_FILE}</arg>
<status status="PASS" start="2025-04-11T17:48:42.395621" elapsed="0.013214"/>
</kw>
<if>
<branch type="IF" condition="'${ENV}' != ''">
<kw name="Set Variable" owner="BuiltIn">
<msg time="2025-04-11T17:48:42.409839" level="INFO">${env} = uat</msg>
<var>${env}</var>
<arg>${ENV}</arg>
<doc>Returns the given values which can then be assigned to a variables.</doc>
<status status="PASS" start="2025-04-11T17:48:42.408835" elapsed="0.001004"/>
</kw>
<status status="PASS" start="2025-04-11T17:48:42.408835" elapsed="0.001004"/>
</branch>
<branch type="ELSE">
<if>
<branch type="IF" condition="'${useLog}' == '${True}'">
<kw name="Log To Console" owner="BuiltIn">
<arg>${config['env']}</arg>
<doc>Logs the given message to the console.</doc>
<status status="NOT RUN" start="2025-04-11T17:48:42.409839" elapsed="0.000000"/>
</kw>
<status status="NOT RUN" start="2025-04-11T17:48:42.409839" elapsed="0.000000"/>
</branch>
<status status="NOT RUN" start="2025-04-11T17:48:42.409839" elapsed="0.000000"/>
</if>
<kw name="Set Variable" owner="BuiltIn">
<var>${env}</var>
<arg>${config['env']}</arg>
<doc>Returns the given values which can then be assigned to a variables.</doc>
<status status="NOT RUN" start="2025-04-11T17:48:42.410835" elapsed="0.000000"/>
</kw>
<status status="NOT RUN" start="2025-04-11T17:48:42.409839" elapsed="0.000996"/>
</branch>
<status status="PASS" start="2025-04-11T17:48:42.408835" elapsed="0.002000"/>
</if>
<return>
<value>${env}</value>
<status status="PASS" start="2025-04-11T17:48:42.410835" elapsed="0.000000"/>
</return>
<msg time="2025-04-11T17:48:42.410835" level="INFO">${env} = uat</msg>
<var>${env}</var>
<status status="PASS" start="2025-04-11T17:48:42.394619" elapsed="0.016216"/>
</kw>
<kw name="Custom Log" owner="log_utils">
<kw name="Log To Console" owner="BuiltIn">
<arg>${text_to_log}</arg>
<doc>Logs the given message to the console.</doc>
<status status="PASS" start="2025-04-11T17:48:42.411835" elapsed="0.000000"/>
</kw>
<kw name="Log" owner="BuiltIn">
<msg time="2025-04-11T17:48:42.412979" level="INFO">Creating Browser...</msg>
<arg>${text_to_log}</arg>
<doc>Logs the given message with the given level.</doc>
<status status="PASS" start="2025-04-11T17:48:42.411835" elapsed="0.001757"/>
</kw>
<arg>Creating Browser...</arg>
<status status="PASS" start="2025-04-11T17:48:42.410835" elapsed="0.003044"/>
</kw>
<if>
<branch type="IF" condition="'${browser}' == 'msedge'">
<kw name="New Browser" owner="Browser">
<arg>browser=chromium</arg>
<arg>headless=${headless}</arg>
<arg>channel=msedge</arg>
<arg>args=["--start-maximized"]</arg>
<tag>BrowserControl</tag>
<tag>Setter</tag>
<doc>Create a new playwright Browser with specified options.</doc>
<status status="NOT RUN" start="2025-04-11T17:48:42.413971" elapsed="0.000000"/>
</kw>
<status status="NOT RUN" start="2025-04-11T17:48:42.413971" elapsed="0.000000"/>
</branch>
<branch type="ELSE">
<kw name="New Browser" owner="Browser">
<msg time="2025-04-11T17:48:42.414898" level="INFO">{"browser": "chromium", "headless": false, "args": ["--start-maximized"], "chromiumSandbox": false, "devtools": false, "handleSIGHUP": true, "handleSIGINT": true, "handleSIGTERM": true, "slowMo": 0.0, "timeout": 30000.0, "tracesDir": "C:\\Successware-RF\\Test-Automation\\test-automation\\browser\\traces\\74992b3d-cb99-4038-a39b-fd115f3a6863"}</msg>
<msg time="2025-04-11T17:48:43.368284" level="INFO">Successfully created browser with options: {"browser":"chromium","headless":false,"args":["--start-maximized"],"chromiumSandbox":false,"devtools":false,"handleSIGHUP":true,"handleSIGINT":true,"handleSIGTERM":true,"slowMo":0,"timeout":30000,"tracesDir":"C:\\Successware-RF\\Test-Automation\\test-automation\\browser\\traces\\74992b3d-cb99-4038-a39b-fd115f3a6863"}</msg>
<arg>browser=${browser}</arg>
<arg>headless=${headless}</arg>
<arg>args=["--start-maximized"]</arg>
<tag>BrowserControl</tag>
<tag>Setter</tag>
<doc>Create a new playwright Browser with specified options.</doc>
<status status="PASS" start="2025-04-11T17:48:42.414898" elapsed="0.953885"/>
</kw>
<status status="PASS" start="2025-04-11T17:48:42.414798" elapsed="0.954365"/>
</branch>
<status status="PASS" start="2025-04-11T17:48:42.413971" elapsed="0.955688"/>
</if>
<kw name="Custom Log" owner="log_utils">
<kw name="Log To Console" owner="BuiltIn">
<arg>${text_to_log}</arg>
<doc>Logs the given message to the console.</doc>
<status status="PASS" start="2025-04-11T17:48:43.370623" elapsed="0.010790"/>
</kw>
<kw name="Log" owner="BuiltIn">
<msg time="2025-04-11T17:48:43.382665" level="INFO">Creating Context...</msg>
<arg>${text_to_log}</arg>
<doc>Logs the given message with the given level.</doc>
<status status="PASS" start="2025-04-11T17:48:43.382361" elapsed="0.000804"/>
</kw>
<arg>Creating Context...</arg>
<status status="PASS" start="2025-04-11T17:48:43.369659" elapsed="0.013786"/>
</kw>
<kw name="New Context" owner="Browser">
<msg time="2025-04-11T17:48:43.386675" level="INFO">{
  "acceptDownloads": true,
  "bypassCSP": false,
  "forcedColors": "none",
  "ignoreHTTPSErrors": false,
  "javaScriptEnabled": true,
  "offline": false,
  "recordVideo": {
    "dir": "C:\\Successware-RF\\Test-Automation\\test-automation\\browser\\video\\uat_videos",
    "size": {
      "width": 400,
      "height": 200
    }
  },
  "reducedMotion": "no-preference",
  "serviceWorkers": "allow",
  "tracing": "trace.zip",
  "viewport": null
}</msg>
<msg time="2025-04-11T17:48:43.414466" level="INFO">Successfully created context and trace file will be saved to: C:\Successware-RF\Test-Automation\test-automation\trace.zip</msg>
<msg time="2025-04-11T17:48:43.415007" level="INFO">{'acceptDownloads': True, 'bypassCSP': False, 'forcedColors': 'none', 'ignoreHTTPSErrors': False, 'javaScriptEnabled': True, 'offline': False, 'recordVideo': {'dir': 'C:\\Successware-RF\\Test-Automation\\test-automation\\browser\\video\\uat_videos', 'size': {'width': 400, 'height': 200}}, 'reducedMotion': 'no-preference', 'serviceWorkers': 'allow', 'tracing': 'trace.zip', 'viewport': None, 'trace': {'screenshots': True, 'snapshots': True}}</msg>
<arg>acceptDownloads=${True}</arg>
<arg>tracing=trace.zip</arg>
<arg>viewport=${None}</arg>
<arg>recordVideo={'dir':'${env}_videos', 'size':{'width':400, 'height':200}}</arg>
<tag>BrowserControl</tag>
<tag>Setter</tag>
<doc>Create a new BrowserContext with specified options.</doc>
<status status="PASS" start="2025-04-11T17:48:43.383666" elapsed="0.032163"/>
</kw>
<kw name="Custom Log" owner="log_utils">
<kw name="Log To Console" owner="BuiltIn">
<arg>${text_to_log}</arg>
<doc>Logs the given message to the console.</doc>
<status status="PASS" start="2025-04-11T17:48:43.417038" elapsed="0.009721"/>
</kw>
<kw name="Log" owner="BuiltIn">
<msg time="2025-04-11T17:48:43.427758" level="INFO">Creating Page...</msg>
<arg>${text_to_log}</arg>
<doc>Logs the given message with the given level.</doc>
<status status="PASS" start="2025-04-11T17:48:43.427758" elapsed="0.000000"/>
</kw>
<arg>Creating Page...</arg>
<status status="PASS" start="2025-04-11T17:48:43.416329" elapsed="0.012441"/>
</kw>
<kw name="New Page" owner="Browser">
<msg time="2025-04-11T17:48:54.171236" level="INFO">Successfully initialized new page object and opened url: https://swbedrock-uat.successwareg2.com/</msg>
<msg time="2025-04-11T17:48:54.172235" level="INFO" html="true">&lt;/td&gt;&lt;/tr&gt;&lt;tr&gt;&lt;td colspan="3"&gt;&lt;video width="400" height="200" controls&gt;&lt;source src="browser/video/uat_videos/47be7588c87a52a79cae7f81e7a351ae.webm" type="video/webm"&gt;&lt;/video&gt;</msg>
<arg>url=${url}</arg>
<tag>BrowserControl</tag>
<tag>Setter</tag>
<doc>Open a new Page.</doc>
<status status="PASS" start="2025-04-11T17:48:43.429126" elapsed="10.743109"/>
</kw>
<arg>browser=${browser}</arg>
<arg>url=${url}</arg>
<arg>headless=${headless}</arg>
<status status="PASS" start="2025-04-11T17:48:42.333693" elapsed="11.838542"/>
</kw>
<status status="PASS" start="2025-04-11T17:48:42.253601" elapsed="11.918634"/>
</kw>
<kw name="Create Random Strings" owner="string_utils">
<kw name="Create List" owner="BuiltIn">
<msg time="2025-04-11T17:48:54.174918" level="INFO">${results} = []</msg>
<var>${results}</var>
<doc>Returns a list containing given items.</doc>
<status status="PASS" start="2025-04-11T17:48:54.174918" elapsed="0.001286"/>
</kw>
<for flavor="IN">
<iter>
<kw name="Split String" owner="String">
<msg time="2025-04-11T17:48:54.176705" level="INFO">${type} = LETTERS</msg>
<msg time="2025-04-11T17:48:54.176705" level="INFO">${number_of_chars} = 5</msg>
<var>${type}</var>
<var>${number_of_chars}</var>
<arg>string=${i}</arg>
<arg>separator==</arg>
<doc>Splits the ``string`` using ``separator`` as a delimiter string.</doc>
<status status="PASS" start="2025-04-11T17:48:54.176705" elapsed="0.001015"/>
</kw>
<kw name="Create Random String" owner="string_utils">
<if>
<branch type="IF" condition="'${type}' == 'LETTERS'">
<kw name="Generate Random String" owner="String">
<msg time="2025-04-11T17:48:54.179487" level="INFO">${output} = jqoaz</msg>
<var>${output}</var>
<arg>length=${number_of_chars}</arg>
<arg>chars=${LETTERS}</arg>
<doc>Generates a string with a desired ``length`` from the given ``chars``.</doc>
<status status="PASS" start="2025-04-11T17:48:54.178962" elapsed="0.001127"/>
</kw>
<status status="PASS" start="2025-04-11T17:48:54.178819" elapsed="0.001270"/>
</branch>
<branch type="ELSE IF" condition="'${type}' == 'UPPER_LETTERS'">
<kw name="Generate Random String" owner="String">
<var>${output}</var>
<arg>length=${number_of_chars}</arg>
<arg>chars=${UPPER}</arg>
<doc>Generates a string with a desired ``length`` from the given ``chars``.</doc>
<status status="NOT RUN" start="2025-04-11T17:48:54.180089" elapsed="0.000000"/>
</kw>
<status status="NOT RUN" start="2025-04-11T17:48:54.180089" elapsed="0.000000"/>
</branch>
<branch type="ELSE IF" condition="'${type}' == 'NUMBERS'">
<kw name="Generate Random String" owner="String">
<var>${output}</var>
<arg>length=${number_of_chars}</arg>
<arg>chars=${NUMBERS}</arg>
<doc>Generates a string with a desired ``length`` from the given ``chars``.</doc>
<status status="NOT RUN" start="2025-04-11T17:48:54.181177" elapsed="0.000000"/>
</kw>
<status status="NOT RUN" start="2025-04-11T17:48:54.180089" elapsed="0.001088"/>
</branch>
<status status="PASS" start="2025-04-11T17:48:54.178819" elapsed="0.002358"/>
</if>
<return>
<value>${output}</value>
<status status="PASS" start="2025-04-11T17:48:54.181177" elapsed="0.000000"/>
</return>
[...]
<status status="PASS" start="2025-04-11T17:51:33.409821" elapsed="0.002579"/>
</kw>
<kw name="Log" owner="BuiltIn">
<msg time="2025-04-11T17:51:33.414303" level="INFO">Waiting For Element //iframe[@id='Left-frame'] &gt;&gt;&gt; //span[text()='Create New Counter Sale Invoice'] to be visible</msg>
<arg>${text_to_log}</arg>
<doc>Logs the given message with the given level.</doc>
<status status="PASS" start="2025-04-11T17:51:33.413169" elapsed="0.001631"/>
</kw>
<arg>Waiting For Element ${selector} to be visible</arg>
<status status="PASS" start="2025-04-11T17:51:33.408820" elapsed="0.005980"/>
</kw>
<kw name="Wait For Elements State" owner="Browser">
<msg time="2025-04-11T17:51:35.246360" level="INFO" html="true">&lt;/td&gt;&lt;/tr&gt;&lt;tr&gt;&lt;td colspan="3"&gt;&lt;a href="browser/screenshot/fail-screenshot-4.png" target="_blank"&gt;&lt;img src="browser/screenshot/fail-screenshot-4.png" width="800px"/&gt;&lt;/a&gt;</msg>
<msg time="2025-04-11T17:51:35.247361" level="INFO">See also file:///C:/Successware-RF/Test-Automation/test-automation/playwright-log.txt for additional details.</msg>
<msg time="2025-04-11T17:51:35.247361" level="FAIL">TimeoutError: locator.waitFor: Timeout 1000ms exceeded.
Call log:
  [2m- waiting for frameLocator('//iframe[@id=\'Left-frame\']').locator('//span[text()=\'Create New Counter Sale Invoice\']') to be visible[22m

Tip: Use "Set Browser Timeout" for increasing the timeout or double check your locator as the targeted element(s) couldn't be found.</msg>
<arg>selector=${selector}</arg>
<arg>state=visible</arg>
<arg>timeout=${timeout}</arg>
<tag>PageContent</tag>
<tag>Wait</tag>
<doc>Waits for the element found by ``selector`` to satisfy state option.</doc>
<status status="FAIL" start="2025-04-11T17:51:33.415932" elapsed="1.837936">TimeoutError: locator.waitFor: Timeout 1000ms exceeded.
Call log:
  [2m- waiting for frameLocator('//iframe[@id=\'Left-frame\']').locator('//span[text()=\'Create New Counter Sale Invoice\']') to be visible[22m

Tip: Use "Set Browser Timeout" for increasing the timeout or double check your locator as the targeted element(s) couldn't be found.</status>
</kw>
<kw name="Custom Log" owner="log_utils">
<arg>Element ${selector} is visible</arg>
<status status="NOT RUN" start="2025-04-11T17:51:35.253868" elapsed="0.000000"/>
</kw>
<arg>${selector}</arg>
<status status="FAIL" start="2025-04-11T17:51:33.407275" elapsed="1.847611">TimeoutError: locator.waitFor: Timeout 1000ms exceeded.
Call log:
  [2m- waiting for frameLocator('//iframe[@id=\'Left-frame\']').locator('//span[text()=\'Create New Counter Sale Invoice\']') to be visible[22m

Tip: Use "Set Browser Timeout" for increasing the timeout or double check your locator as the targeted element(s) couldn't be found.</status>
</kw>
<status status="FAIL" start="2025-04-11T17:51:33.406312" elapsed="1.848574">TimeoutError: locator.waitFor: Timeout 1000ms exceeded.
Call log:
  [2m- waiting for frameLocator('//iframe[@id=\'Left-frame\']').locator('//span[text()=\'Create New Counter Sale Invoice\']') to be visible[22m

Tip: Use "Set Browser Timeout" for increasing the timeout or double check your locator as the targeted element(s) couldn't be found.</status>
</branch>
<status status="FAIL" start="2025-04-11T17:51:33.406312" elapsed="1.848574">TimeoutError: locator.waitFor: Timeout 1000ms exceeded.
Call log:
  [2m- waiting for frameLocator('//iframe[@id=\'Left-frame\']').locator('//span[text()=\'Create New Counter Sale Invoice\']') to be visible[22m

Tip: Use "Set Browser Timeout" for increasing the timeout or double check your locator as the targeted element(s) couldn't be found.</status>
</if>
<kw name="Custom Log" owner="log_utils">
<arg>text_to_log=Clicking ${selector}</arg>
<status status="NOT RUN" start="2025-04-11T17:51:35.254886" elapsed="0.000000"/>
</kw>
<kw name="Click" owner="Browser">
<arg>${selector}</arg>
<tag>PageContent</tag>
<tag>Setter</tag>
<doc>Simulates mouse click on the element found by ``selector``.</doc>
<status status="NOT RUN" start="2025-04-11T17:51:35.255885" elapsed="0.000000"/>
</kw>
<kw name="Wait For Page To Load" owner="playwright_utils">
<status status="NOT RUN" start="2025-04-11T17:51:35.255885" elapsed="0.000000"/>
</kw>
<arg>${generic_button}</arg>
<status status="FAIL" start="2025-04-11T17:51:33.405314" elapsed="1.851569">TimeoutError: locator.waitFor: Timeout 1000ms exceeded.
Call log:
  [2m- waiting for frameLocator('//iframe[@id=\'Left-frame\']').locator('//span[text()=\'Create New Counter Sale Invoice\']') to be visible[22m

Tip: Use "Set Browser Timeout" for increasing the timeout or double check your locator as the targeted element(s) couldn't be found.</status>
</kw>
<arg>Create New Counter Sale Invoice</arg>
<status status="FAIL" start="2025-04-11T17:51:33.402697" elapsed="1.854186">TimeoutError: locator.waitFor: Timeout 1000ms exceeded.
Call log:
  [2m- waiting for frameLocator('//iframe[@id=\'Left-frame\']').locator('//span[text()=\'Create New Counter Sale Invoice\']') to be visible[22m

Tip: Use "Set Browser Timeout" for increasing the timeout or double check your locator as the targeted element(s) couldn't be found.</status>
</kw>
<kw name="Click Element" owner="playwright_utils">
<arg>selector=${service_locations_invoices_tab}</arg>
<status status="NOT RUN" start="2025-04-11T17:51:35.256883" elapsed="0.001002"/>
</kw>
<kw name="Sleep" owner="BuiltIn">
<arg>2s</arg>
<arg>reason=Require for loading right drawer.</arg>
<doc>Pauses the test executed for the given time.</doc>
<status status="NOT RUN" start="2025-04-11T17:51:35.257885" elapsed="0.000000"/>
</kw>
<kw name="Click Element" owner="playwright_utils">
<arg>selector=${save_btn_invoices_tab}</arg>
<status status="NOT RUN" start="2025-04-11T17:51:35.257885" elapsed="0.000998"/>
</kw>
<kw name="Switch Page" owner="Browser">
<var>${previous_page}</var>
<arg>NEW</arg>
<tag>BrowserControl</tag>
<tag>Setter</tag>
<doc>Switches the active browser page to another open page by ``id`` or ``NEW``.</doc>
<status status="NOT RUN" start="2025-04-11T17:51:35.258883" elapsed="0.000000"/>
</kw>
<kw name="Get Element Attribute" owner="playwright_utils">
<var>${grabbed_invoice_number}</var>
<arg>selector=${invoice_number}</arg>
<arg>attribute_name=value</arg>
<status status="NOT RUN" start="2025-04-11T17:51:35.259784" elapsed="0.000000"/>
</kw>
<kw name="Sleep" owner="BuiltIn">
<arg>10s</arg>
<doc>Pauses the test executed for the given time.</doc>
<status status="NOT RUN" start="2025-04-11T17:51:35.260284" elapsed="0.000000"/>
</kw>
<kw name="Click Element" owner="playwright_utils">
<arg>selector=${save_btn_invoice_manager}</arg>
<status status="NOT RUN" start="2025-04-11T17:51:35.260284" elapsed="0.000000"/>
</kw>
<kw name="Sleep" owner="BuiltIn">
<arg>8s</arg>
<doc>Pauses the test executed for the given time.</doc>
<status status="NOT RUN" start="2025-04-11T17:51:35.261298" elapsed="0.000000"/>
</kw>
<kw name="Sleep" owner="BuiltIn">
<arg>5s</arg>
<doc>Pauses the test executed for the given time.</doc>
<status status="NOT RUN" start="2025-04-11T17:51:35.261298" elapsed="0.000000"/>
</kw>
<kw name="Get Element States" owner="Browser">
<var>${post_btn_states}</var>
<arg>selector=${post_btn_invoice_manager}</arg>
<tag>Assertion</tag>
<tag>Getter</tag>
<tag>PageContent</tag>
<doc>Get the active states from the element found by ``selector``.</doc>
<status status="NOT RUN" start="2025-04-11T17:51:35.261298" elapsed="0.000000"/>
</kw>
<kw name="Custom Log" owner="log_utils">
<arg>Post Button States are ${post_btn_states}</arg>
<status status="NOT RUN" start="2025-04-11T17:51:35.262298" elapsed="0.000000"/>
</kw>
<kw name="Wait For Element To Be Visible" owner="playwright_utils">
<arg>${post_btn_invoice_manager}</arg>
<arg>timeout=10s</arg>
<status status="NOT RUN" start="2025-04-11T17:51:35.262298" elapsed="0.000000"/>
</kw>
<kw name="Click Element" owner="playwright_utils">
<arg>selector=${post_btn_invoice_manager}</arg>
<status status="NOT RUN" start="2025-04-11T17:51:35.262298" elapsed="0.000000"/>
</kw>
<kw name="Wait For Element To Be Enabled" owner="playwright_utils">
<arg>selector=${ok_btn_invoice_manager}</arg>
<status status="NOT RUN" start="2025-04-11T17:51:35.263298" elapsed="0.000000"/>
</kw>
<kw name="Click Element" owner="playwright_utils">
<arg>selector=${ok_btn_invoice_manager}</arg>
<status status="NOT RUN" start="2025-04-11T17:51:35.263298" elapsed="0.000000"/>
</kw>
<kw name="Wait For Element To Be Enabled" owner="playwright_utils">
<arg>selector=${confirmation_message_description_invoice_manager}</arg>
<status status="NOT RUN" start="2025-04-11T17:51:35.263298" elapsed="0.000000"/>
</kw>
<kw name="Get Element Text" owner="playwright_utils">
<var>${confirmation_message}</var>
<arg>selector=${confirmation_message_description_invoice_manager}</arg>
<status status="NOT RUN" start="2025-04-11T17:51:35.263298" elapsed="0.001000"/>
</kw>
<kw name="Wait For Element To Be Visible" owner="playwright_utils">
<arg>${right_drawer_close_btn_invoice_manager}</arg>
<arg>timeout=10s</arg>
<status status="NOT RUN" start="2025-04-11T17:51:35.264298" elapsed="0.000000"/>
</kw>
<kw name="Click Element" owner="playwright_utils">
<arg>selector=${right_drawer_close_btn_invoice_manager}</arg>
<status status="NOT RUN" start="2025-04-11T17:51:35.264298" elapsed="0.000000"/>
</kw>
<kw name="Close Page" owner="Browser">
<tag>BrowserControl</tag>
<tag>Setter</tag>
<doc>Closes the ``page`` in ``context`` in ``browser``.</doc>
<status status="NOT RUN" start="2025-04-11T17:51:35.264298" elapsed="0.000000"/>
</kw>
<kw name="Sleep" owner="BuiltIn">
<arg>2s</arg>
<doc>Pauses the test executed for the given time.</doc>
<status status="NOT RUN" start="2025-04-11T17:51:35.265297" elapsed="0.000000"/>
</kw>
<kw name="Click Element" owner="playwright_utils">
<arg>selector=${right_drawer_close_btn_customer_name}</arg>
<status status="NOT RUN" start="2025-04-11T17:51:35.265297" elapsed="0.000000"/>
</kw>
<return>
<value>${grabbed_invoice_number}</value>
<value>${confirmation_message}</value>
<status status="NOT RUN" start="2025-04-11T17:51:35.265297" elapsed="0.000000"/>
</return>
<var>${grabbed_invoice_number}</var>
<var>${confirmation_message}</var>
<doc>This method is used for Create New Counter Sale Invoice in Invoices tab Call Handling.</doc>
<status status="FAIL" start="2025-04-11T17:51:22.563742" elapsed="12.701555">TimeoutError: locator.waitFor: Timeout 1000ms exceeded.
Call log:
  [2m- waiting for frameLocator('//iframe[@id=\'Left-frame\']').locator('//span[text()=\'Create New Counter Sale Invoice\']') to be visible[22m

Tip: Use "Set Browser Timeout" for increasing the timeout or double check your locator as the targeted element(s) couldn't be found.</status>
</kw>
<kw name="Should Be Equal" owner="BuiltIn">
<arg>first=${confirmation_message}</arg>
<arg>second=${global_test_data}[post_invoice_process_initiated_message]</arg>
<arg>values=${True}</arg>
<arg>msg=Invoice Posting Successful message is not displayed.</arg>
<doc>Fails if the given objects are unequal.</doc>
<status status="NOT RUN" start="2025-04-11T17:51:35.266924" elapsed="0.000163"/>
</kw>
<kw name="Navigate To LHN Option" owner="dashboard_page">
<arg>navigation=Customer Service&gt;&gt;Receivables Manager</arg>
<status status="NOT RUN" start="2025-04-11T17:51:35.267814" elapsed="0.000500"/>
</kw>
<kw name="Sleep" owner="BuiltIn">
<arg>10s</arg>
<doc>Pauses the test executed for the given time.</doc>
<status status="NOT RUN" start="2025-04-11T17:51:35.268577" elapsed="0.000000"/>
</kw>
<kw name="Find Invoices using Invoice Number" owner="receivables_manager_page">
<arg>tab_name=${global_test_data}[invoices_tab]</arg>
<arg>invoice_number=${grabbed_invoice_number}</arg>
<doc>This method is used for Search the Account with the Invoice Number.</doc>
<status status="NOT RUN" start="2025-04-11T17:51:35.269576" elapsed="0.000000"/>
</kw>
<kw name="Add Credit Memo In Billing Account History" owner="receivables_manager_page">
<var>${success_message}</var>
<doc>This method is used for Add Credit Memo in to the Billing Account History.</doc>
<status status="NOT RUN" start="2025-04-11T17:51:35.270415" elapsed="0.000000"/>
</kw>
<kw name="Should Be Equal" owner="BuiltIn">
<arg>first=${success_message}</arg>
<arg>second=${global_test_data}[successful_message]</arg>
<arg>values=${True}</arg>
<arg>msg=Successful message is not displayed.</arg>
<doc>Fails if the given objects are unequal.</doc>
<status status="NOT RUN" start="2025-04-11T17:51:35.270914" elapsed="0.000000"/>
</kw>
<kw name="Custom Teardown" owner="playwright_utils" type="TEARDOWN">
<kw name="Custom Log" owner="log_utils">
<kw name="Log To Console" owner="BuiltIn">
<arg>${text_to_log}</arg>
<doc>Logs the given message to the console.</doc>
<status status="PASS" start="2025-04-11T17:51:35.273497" elapsed="0.000999"/>
</kw>
<kw name="Log" owner="BuiltIn">
<msg time="2025-04-11T17:51:35.275539" level="INFO">Closing page...</msg>
<arg>${text_to_log}</arg>
<doc>Logs the given message with the given level.</doc>
<status status="PASS" start="2025-04-11T17:51:35.275165" elapsed="0.000516"/>
</kw>
<arg>Closing page...</arg>
<status status="PASS" start="2025-04-11T17:51:35.272482" elapsed="0.003199"/>
</kw>
<kw name="Close Page" owner="Browser">
<msg time="2025-04-11T17:51:35.639486" level="INFO">Switching browser to CURRENT</msg>
<msg time="2025-04-11T17:51:35.645252" level="INFO">Returned active browser id. CURRENT</msg>
<msg time="2025-04-11T17:51:35.647168" level="INFO">Switching browser to browser=70765ad4-1672-4d68-bcd6-7429670d327c</msg>
<msg time="2025-04-11T17:51:35.651577" level="INFO">Successfully changed active browser: browser=70765ad4-1672-4d68-bcd6-7429670d327c</msg>
<msg time="2025-04-11T17:51:35.652273" level="INFO">Switching context to CURRENT in CURRENT</msg>
<msg time="2025-04-11T17:51:35.657209" level="INFO">Returned active context id: CURRENT</msg>
<msg time="2025-04-11T17:51:35.657709" level="INFO">Switching context to context=891b289c-2bc2-4da2-a05e-4228b170b12d in CURRENT</msg>
<msg time="2025-04-11T17:51:35.673622" level="INFO">Successfully changed active context: context=891b289c-2bc2-4da2-a05e-4228b170b12d</msg>
<msg time="2025-04-11T17:51:35.710713" level="INFO">Successfully closed Page with runBeforeUnload false</msg>
<tag>BrowserControl</tag>
<tag>Setter</tag>
<doc>Closes the ``page`` in ``context`` in ``browser``.</doc>
<status status="PASS" start="2025-04-11T17:51:35.276210" elapsed="0.435615"/>
</kw>
<kw name="Custom Log" owner="log_utils">
<kw name="Log To Console" owner="BuiltIn">
<arg>${text_to_log}</arg>
<doc>Logs the given message to the console.</doc>
<status status="PASS" start="2025-04-11T17:51:35.713848" elapsed="0.027438"/>
</kw>
<kw name="Log" owner="BuiltIn">
<msg time="2025-04-11T17:51:35.743433" level="INFO">Closing browser...</msg>
<arg>${text_to_log}</arg>
<doc>Logs the given message with the given level.</doc>
<status status="PASS" start="2025-04-11T17:51:35.742419" elapsed="0.001014"/>
</kw>
<arg>Closing browser...</arg>
<status status="PASS" start="2025-04-11T17:51:35.712346" elapsed="0.031087"/>
</kw>
<kw name="Close Browser" owner="Browser">
<msg time="2025-04-11T17:51:38.306840" level="INFO">Closed browser</msg>
<tag>BrowserControl</tag>
<tag>Setter</tag>
<doc>Closes the current browser.</doc>
<status status="PASS" start="2025-04-11T17:51:35.744433" elapsed="2.563411"/>
</kw>
<kw name="Custom Log" owner="log_utils">
<kw name="Log To Console" owner="BuiltIn">
<arg>${text_to_log}</arg>
<doc>Logs the given message to the console.</doc>
<status status="PASS" start="2025-04-11T17:51:38.309168" elapsed="0.000500"/>
</kw>
<kw name="Log" owner="BuiltIn">
<msg time="2025-04-11T17:51:38.310667" level="INFO">Closing Context...</msg>
<arg>${text_to_log}</arg>
<doc>Logs the given message with the given level.</doc>
<status status="PASS" start="2025-04-11T17:51:38.310167" elapsed="0.000500"/>
</kw>
<arg>Closing Context...</arg>
<status status="PASS" start="2025-04-11T17:51:38.307844" elapsed="0.003322"/>
</kw>
<kw name="Close Context" owner="Browser">
<arg>${browser}</arg>
<arg>${context}</arg>
<tag>BrowserControl</tag>
<tag>Setter</tag>
<doc>Closes a Context.</doc>
<status status="PASS" start="2025-04-11T17:51:38.311667" elapsed="0.004351"/>
</kw>
<arg>browser=ALL</arg>
<arg>context=ALL</arg>
<status status="PASS" start="2025-04-11T17:51:35.272482" elapsed="3.044035"/>
</kw>
<doc>Creating New Counter Sale Invoice with validating successfull message.
Also, Verify Credit memo in billing account history with successfull message.</doc>
<tag>ar_tc_28</tag>
<tag>cmp_ar_manager</tag>
<tag>plt_GEN2_WEB</tag>
<tag>tsn_regression</tag>
<status status="FAIL" start="2025-04-11T17:48:42.248070" elapsed="176.069446">TimeoutError: locator.waitFor: Timeout 1000ms exceeded.
Call log:
  [2m- waiting for frameLocator('//iframe[@id=\'Left-frame\']').locator('//span[text()=\'Create New Counter Sale Invoice\']') to be visible[22m

Tip: Use "Set Browser Timeout" for increasing the timeout or double check your locator as the targeted element(s) couldn't be found.</status>
</test>
<status status="FAIL" start="2025-04-11T17:48:41.255065" elapsed="177.069283"/>
</suite>
<status status="FAIL" start="2025-04-11T17:48:41.253065" elapsed="177.140152"/>
</suite>
<status status="FAIL" start="2025-04-11T17:48:41.251065" elapsed="177.144669"/>
</suite>
<status status="FAIL" start="2025-04-11T17:48:39.139459" elapsed="179.258773"/>
</suite>
<meta name="Environment">${ENV}</meta>
<meta name="tenant name">${sw_tenantname}</meta>
<status status="FAIL" start="2025-04-11T17:48:39.117470" elapsed="179.339511"/>
</suite>
<statistics>
<total>
<stat pass="0" fail="1" skip="0">All Tests</stat>
</total>
<tag>
<stat pass="0" fail="1" skip="0">ar_tc_28</stat>
<stat pass="0" fail="1" skip="0">cmp_ar_manager</stat>
<stat pass="0" fail="1" skip="0">plt_GEN2_WEB</stat>
<stat pass="0" fail="1" skip="0">tsn_regression</stat>
</tag>
<suite>
<stat pass="0" fail="1" skip="0" id="s1" name="Test-Automation">Test-Automation</stat>
<stat pass="0" fail="1" skip="0" id="s1-s1" name="Tests">Test-Automation.Tests</stat>
<stat pass="0" fail="1" skip="0" id="s1-s1-s1" name="Platform Web">Test-Automation.Tests.Platform Web</stat>
<stat pass="0" fail="1" skip="0" id="s1-s1-s1-s1" name="Ar Manager">Test-Automation.Tests.Platform Web.Ar Manager</stat>
<stat pass="0" fail="1" skip="0" id="s1-s1-s1-s1-s1" name="Ar Manager 2 Tests">Test-Automation.Tests.Platform Web.Ar Manager.Ar Manager 2 Tests</stat>
</suite>
</statistics>
<errors>
<msg time="2025-04-11T17:48:41.551269" level="ERROR">Error in file 'c:\Successware-RF\Test-Automation\test-automation\page_objects\customer_service\receivables_manager_page.robot' on line 6: Importing library 'PlaywrightLibrary' failed: ModuleNotFoundError: No module named 'PlaywrightLibrary'
Traceback (most recent call last):
  None
PYTHONPATH:
  c:\Users\gausha04\.vscode\extensions\robocorp.robotframework-lsp-1.13.0\src\robotframework_debug_adapter
  C:\Successware-RF\Test-Automation\test-automation
  c:\Users\gausha04\.vscode\extensions\robocorp.robotframework-lsp-1.13.0\src
  c:\Users\gausha04\.vscode\extensions\robocorp.robotframework-lsp-1.13.0\src\robotframework_ls\vendored
  C:\Users\gausha04\AppData\Local\Programs\Python\Python310\python310.zip
  C:\Users\gausha04\AppData\Local\Programs\Python\Python310\DLLs
  C:\Users\gausha04\AppData\Local\Programs\Python\Python310\lib
  C:\Users\gausha04\AppData\Local\Programs\Python\Python310
  C:\Users\gausha04\AppData\Local\Programs\Python\Python310\lib\site-packages</msg>
</errors>
</robot>
